<!DOCTYPE html>
<html>
  <head>
    <meta charset="utf-8"/>
    <title>Test Report</title>
    <link href="assets/style.css" rel="stylesheet" type="text/css"/></head>
  <body onLoad="init()">
    <script>/* This Source Code Form is subject to the terms of the Mozilla Public
 * License, v. 2.0. If a copy of the MPL was not distributed with this file,
 * You can obtain one at http://mozilla.org/MPL/2.0/. */


function toArray(iter) {
    if (iter === null) {
        return null;
    }
    return Array.prototype.slice.call(iter);
}

function find(selector, elem) {
    if (!elem) {
        elem = document;
    }
    return elem.querySelector(selector);
}

function find_all(selector, elem) {
    if (!elem) {
        elem = document;
    }
    return toArray(elem.querySelectorAll(selector));
}

function sort_column(elem) {
    toggle_sort_states(elem);
    var colIndex = toArray(elem.parentNode.childNodes).indexOf(elem);
    var key;
    if (elem.classList.contains('numeric')) {
        key = key_num;
    } else if (elem.classList.contains('result')) {
        key = key_result;
    } else {
        key = key_alpha;
    }
    sort_table(elem, key(colIndex));
}

function show_all_extras() {
    find_all('.col-result').forEach(show_extras);
}

function hide_all_extras() {
    find_all('.col-result').forEach(hide_extras);
}

function show_extras(colresult_elem) {
    var extras = colresult_elem.parentNode.nextElementSibling;
    var expandcollapse = colresult_elem.firstElementChild;
    extras.classList.remove("collapsed");
    expandcollapse.classList.remove("expander");
    expandcollapse.classList.add("collapser");
}

function hide_extras(colresult_elem) {
    var extras = colresult_elem.parentNode.nextElementSibling;
    var expandcollapse = colresult_elem.firstElementChild;
    extras.classList.add("collapsed");
    expandcollapse.classList.remove("collapser");
    expandcollapse.classList.add("expander");
}

function show_filters() {
    var filter_items = document.getElementsByClassName('filter');
    for (var i = 0; i < filter_items.length; i++)
        filter_items[i].hidden = false;
}

function add_collapse() {
    // Add links for show/hide all
    var resulttable = find('table#results-table');
    var showhideall = document.createElement("p");
    showhideall.innerHTML = '<a href="javascript:show_all_extras()">Show all details</a> / ' +
                            '<a href="javascript:hide_all_extras()">Hide all details</a>';
    resulttable.parentElement.insertBefore(showhideall, resulttable);

    // Add show/hide link to each result
    find_all('.col-result').forEach(function(elem) {
        var collapsed = get_query_parameter('collapsed') || 'Passed';
        var extras = elem.parentNode.nextElementSibling;
        var expandcollapse = document.createElement("span");
        if (extras.classList.contains("collapsed")) {
            expandcollapse.classList.add("expander")
        } else if (collapsed.includes(elem.innerHTML)) {
            extras.classList.add("collapsed");
            expandcollapse.classList.add("expander");
        } else {
            expandcollapse.classList.add("collapser");
        }
        elem.appendChild(expandcollapse);

        elem.addEventListener("click", function(event) {
            if (event.currentTarget.parentNode.nextElementSibling.classList.contains("collapsed")) {
                show_extras(event.currentTarget);
            } else {
                hide_extras(event.currentTarget);
            }
        });
    })
}

function get_query_parameter(name) {
    var match = RegExp('[?&]' + name + '=([^&]*)').exec(window.location.search);
    return match && decodeURIComponent(match[1].replace(/\+/g, ' '));
}

function init () {
    reset_sort_headers();

    add_collapse();

    show_filters();

    sort_column(find('.initial-sort'));

    find_all('.sortable').forEach(function(elem) {
        elem.addEventListener("click",
                              function(event) {
                                  sort_column(elem);
                              }, false)
    });

};

function sort_table(clicked, key_func) {
    var rows = find_all('.results-table-row');
    var reversed = !clicked.classList.contains('asc');
    var sorted_rows = sort(rows, key_func, reversed);
    /* Whole table is removed here because browsers acts much slower
     * when appending existing elements.
     */
    var thead = document.getElementById("results-table-head");
    document.getElementById('results-table').remove();
    var parent = document.createElement("table");
    parent.id = "results-table";
    parent.appendChild(thead);
    sorted_rows.forEach(function(elem) {
        parent.appendChild(elem);
    });
    document.getElementsByTagName("BODY")[0].appendChild(parent);
}

function sort(items, key_func, reversed) {
    var sort_array = items.map(function(item, i) {
        return [key_func(item), i];
    });

    sort_array.sort(function(a, b) {
        var key_a = a[0];
        var key_b = b[0];

        if (key_a == key_b) return 0;

        if (reversed) {
            return (key_a < key_b ? 1 : -1);
        } else {
            return (key_a > key_b ? 1 : -1);
        }
    });

    return sort_array.map(function(item) {
        var index = item[1];
        return items[index];
    });
}

function key_alpha(col_index) {
    return function(elem) {
        return elem.childNodes[1].childNodes[col_index].firstChild.data.toLowerCase();
    };
}

function key_num(col_index) {
    return function(elem) {
        return parseFloat(elem.childNodes[1].childNodes[col_index].firstChild.data);
    };
}

function key_result(col_index) {
    return function(elem) {
        var strings = ['Error', 'Failed', 'Rerun', 'XFailed', 'XPassed',
                       'Skipped', 'Passed'];
        return strings.indexOf(elem.childNodes[1].childNodes[col_index].firstChild.data);
    };
}

function reset_sort_headers() {
    find_all('.sort-icon').forEach(function(elem) {
        elem.parentNode.removeChild(elem);
    });
    find_all('.sortable').forEach(function(elem) {
        var icon = document.createElement("div");
        icon.className = "sort-icon";
        icon.textContent = "vvv";
        elem.insertBefore(icon, elem.firstChild);
        elem.classList.remove("desc", "active");
        elem.classList.add("asc", "inactive");
    });
}

function toggle_sort_states(elem) {
    //if active, toggle between asc and desc
    if (elem.classList.contains('active')) {
        elem.classList.toggle('asc');
        elem.classList.toggle('desc');
    }

    //if inactive, reset all other functions and add ascending active
    if (elem.classList.contains('inactive')) {
        reset_sort_headers();
        elem.classList.remove('inactive');
        elem.classList.add('active');
    }
}

function is_all_rows_hidden(value) {
  return value.hidden == false;
}

function filter_table(elem) {
    var outcome_att = "data-test-result";
    var outcome = elem.getAttribute(outcome_att);
    class_outcome = outcome + " results-table-row";
    var outcome_rows = document.getElementsByClassName(class_outcome);

    for(var i = 0; i < outcome_rows.length; i++){
        outcome_rows[i].hidden = !elem.checked;
    }

    var rows = find_all('.results-table-row').filter(is_all_rows_hidden);
    var all_rows_hidden = rows.length == 0 ? true : false;
    var not_found_message = document.getElementById("not-found-message");
    not_found_message.hidden = !all_rows_hidden;
}
</script>
    <h1>report.html</h1>
    <p>Report generated on 03-Aug-2020 at 21:21:29 by <a href="https://pypi.python.org/pypi/pytest-html">pytest-html</a> v2.1.1</p>
    <h2>Environment</h2>
    <table id="environment">
      <tr>
        <td>Packages</td>
        <td>{"pluggy": "0.13.1", "py": "1.9.0", "pytest": "6.0.1"}</td></tr>
      <tr>
        <td>Platform</td>
        <td>Linux-4.19.76-linuxkit-x86_64-with-debian-10.0</td></tr>
      <tr>
        <td>Plugins</td>
        <td>{"excel": "1.4.1", "forked": "1.3.0", "html": "2.1.1", "json": "0.4.0", "metadata": "1.10.0", "spec": "2.0.0", "sugar": "0.9.4", "xdist": "1.34.0"}</td></tr>
      <tr>
        <td>Python</td>
        <td>3.7.4</td></tr></table>
    <h2>Summary</h2>
    <p>17 tests ran in 5.11 seconds. </p>
    <p class="filter" hidden="true">(Un)check the boxes to filter the results.</p><input checked="true" class="filter" data-test-result="passed" hidden="true" name="filter_checkbox" onChange="filter_table(this)" type="checkbox"/><span class="passed">13 passed</span>, <input checked="true" class="filter" data-test-result="skipped" disabled="true" hidden="true" name="filter_checkbox" onChange="filter_table(this)" type="checkbox"/><span class="skipped">0 skipped</span>, <input checked="true" class="filter" data-test-result="failed" disabled="true" hidden="true" name="filter_checkbox" onChange="filter_table(this)" type="checkbox"/><span class="failed">0 failed</span>, <input checked="true" class="filter" data-test-result="error" disabled="true" hidden="true" name="filter_checkbox" onChange="filter_table(this)" type="checkbox"/><span class="error">0 errors</span>, <input checked="true" class="filter" data-test-result="xfailed" hidden="true" name="filter_checkbox" onChange="filter_table(this)" type="checkbox"/><span class="xfailed">4 expected failures</span>, <input checked="true" class="filter" data-test-result="xpassed" disabled="true" hidden="true" name="filter_checkbox" onChange="filter_table(this)" type="checkbox"/><span class="xpassed">0 unexpected passes</span>
    <h2>Results</h2>
    <table id="results-table">
      <thead id="results-table-head">
        <tr>
          <th class="sortable result initial-sort" col="result">Result</th>
          <th class="sortable" col="name">Test</th>
          <th class="sortable numeric" col="duration">Duration</th>
          <th>Links</th></tr>
        <tr hidden="true" id="not-found-message">
          <th colspan="4">No results found. Try to check the filters</th></tr></thead>
      <tbody class="xfailed results-table-row">
        <tr>
          <td class="col-result">XFailed</td>
          <td class="col-name">test_base_feature_checklist.py::test_dir[test_spine01]</td>
          <td class="col-duration">0.00</td>
          <td class="col-links"></td></tr>
        <tr>
          <td class="extra" colspan="4">
            <div class="log">dut = {&#x27;connection&#x27;: Node(connection=EapiConnection(transport=https://3.128.107.209:443//command-api)), &#x27;name&#x27;: &#x27;test_spine0...               Error:          0\n             Pending:          0\n\nLast time counters were cleared: never\n&#x27;}, ...}}<br/><br/>    @pytest.mark.parametrize(&quot;dut&quot;, DUTS, ids=DUTS_NAME)<br/>    @pytest.mark.xfail<br/>    def test_dir(dut):<br/>        &quot;&quot;&quot; Verify filesystem is correct<br/>    <br/>            Args:<br/>              dut (dict): Encapsulates dut details including name, connection<br/>        &quot;&quot;&quot;<br/>    <br/>        show_cmd = &quot;dir&quot;<br/>        eos_dir = dut[&quot;output&quot;][show_cmd][&quot;text&quot;]<br/>    <br/>        print(f&quot;\nNO AUTOMATED TEST.  MUST TEST MANUALLY&quot;)<br/>        print(f&quot;\nOn router |{dut[&#x27;name&#x27;]}|: dir:\n{eos_dir}&quot;)<br/>    <br/>&gt;       assert False<br/><span class="error">E       assert False</span><br/><br/>test_base_feature_checklist.py:87: AssertionError<br/> ------------------------------Captured stdout call------------------------------ <br/>
NO AUTOMATED TEST.  MUST TEST MANUALLY

On router |test_spine01|: dir:
Directory of flash:/

       -rw-      852732           Mar 30 23:38  Aboot.initrd
       -rw-     4012112           Mar 30 23:38  Aboot.kernel
       -rw-         462           Jul 16 02:57  AsuFastPktTransmit.log
       -rw-   471746688           Mar 30 23:38  CloudEOS.swi
       drwx        4096           Jul 16 02:56  Fossil
       -rw-         284           Jul 16 02:57  SsuRestore.log
       -rw-         284           Jul 16 02:57  SsuRestoreLegacy.log
       drwx        4096           Jul 16 02:57  awslogs
       -rw-           5           Jul 16 02:58  bessd.buffers
       -rw-           4           Jul 16 02:58  bessd.mem
       drwx        4096           Mar 30 23:38  boot
       -rw-          23           Mar 30 23:38  boot-config
       -rw-          65           Mar 30 23:38  boot-extensions
       drwx        4096           Jul 16 02:58  debug
       -rwx         161           Mar 30 23:38  dhcpintf
       drwx        4096           Jul 16 02:56  fastpkttx.backup
       -rw-         163           Jul 16 02:56  kernel-params
       -rw-         395           Jul 16 02:56  key.pub
       drwx       16384           Mar 30 23:38  lost+found
       drwx        4096            Aug 3 21:18  persist
       drwx        4096           Jul 16 03:02  schedule
       -rw-        7007           Jul 16 16:07  startup-config
       -rw-         248           Mar 30 23:38  veos-config
       -rw-          13           Mar 30 23:38  zerotouch-config

8319852544 bytes total (7292157952 bytes free)

<br/></div></td></tr></tbody>
      <tbody class="xfailed results-table-row">
        <tr>
          <td class="col-result">XFailed</td>
          <td class="col-name">test_base_feature_checklist.py::test_dir[test_spine02]</td>
          <td class="col-duration">0.00</td>
          <td class="col-links"></td></tr>
        <tr>
          <td class="extra" colspan="4">
            <div class="log">dut = {&#x27;connection&#x27;: Node(connection=EapiConnection(transport=https://3.13.88.77:443//command-api)), &#x27;name&#x27;: &#x27;test_spine02&#x27;,...               Error:          0\n             Pending:          0\n\nLast time counters were cleared: never\n&#x27;}, ...}}<br/><br/>    @pytest.mark.parametrize(&quot;dut&quot;, DUTS, ids=DUTS_NAME)<br/>    @pytest.mark.xfail<br/>    def test_dir(dut):<br/>        &quot;&quot;&quot; Verify filesystem is correct<br/>    <br/>            Args:<br/>              dut (dict): Encapsulates dut details including name, connection<br/>        &quot;&quot;&quot;<br/>    <br/>        show_cmd = &quot;dir&quot;<br/>        eos_dir = dut[&quot;output&quot;][show_cmd][&quot;text&quot;]<br/>    <br/>        print(f&quot;\nNO AUTOMATED TEST.  MUST TEST MANUALLY&quot;)<br/>        print(f&quot;\nOn router |{dut[&#x27;name&#x27;]}|: dir:\n{eos_dir}&quot;)<br/>    <br/>&gt;       assert False<br/><span class="error">E       assert False</span><br/><br/>test_base_feature_checklist.py:87: AssertionError<br/> ------------------------------Captured stdout call------------------------------ <br/>
NO AUTOMATED TEST.  MUST TEST MANUALLY

On router |test_spine02|: dir:
Directory of flash:/

       -rw-      852732           Mar 30 23:38  Aboot.initrd
       -rw-     4012112           Mar 30 23:38  Aboot.kernel
       -rw-         462           Jul 16 02:57  AsuFastPktTransmit.log
       -rw-   471746688           Mar 30 23:38  CloudEOS.swi
       drwx        4096           Jul 16 02:56  Fossil
       -rw-         284           Jul 16 02:57  SsuRestore.log
       -rw-         284           Jul 16 02:57  SsuRestoreLegacy.log
       drwx        4096           Jul 16 02:57  awslogs
       -rw-           5           Jul 16 02:58  bessd.buffers
       -rw-           4           Jul 16 02:58  bessd.mem
       drwx        4096           Mar 30 23:38  boot
       -rw-          23           Mar 30 23:38  boot-config
       -rw-          65           Mar 30 23:38  boot-extensions
       drwx        4096           Jul 16 02:58  debug
       -rwx         161           Mar 30 23:38  dhcpintf
       drwx        4096           Jul 16 02:56  fastpkttx.backup
       -rw-         163           Jul 16 02:56  kernel-params
       -rw-         395           Jul 16 02:56  key.pub
       drwx       16384           Mar 30 23:38  lost+found
       drwx        4096            Aug 3 21:18  persist
       drwx        4096           Jul 16 03:02  schedule
       -rw-        7193            Aug 3 20:54  startup-config
       -rw-         248           Mar 30 23:38  veos-config
       -rw-          13           Mar 30 23:38  zerotouch-config

8319852544 bytes total (7291715584 bytes free)

<br/></div></td></tr></tbody>
      <tbody class="xfailed results-table-row">
        <tr>
          <td class="col-result">XFailed</td>
          <td class="col-name">test_base_feature_checklist.py::test_dir[kgrozis_spine01]</td>
          <td class="col-duration">0.00</td>
          <td class="col-links"></td></tr>
        <tr>
          <td class="extra" colspan="4">
            <div class="log">dut = {&#x27;connection&#x27;: Node(connection=EapiConnection(transport=https://3.15.89.170:443//command-api)), &#x27;name&#x27;: &#x27;kgrozis_spine...               Error:          0\n             Pending:          0\n\nLast time counters were cleared: never\n&#x27;}, ...}}<br/><br/>    @pytest.mark.parametrize(&quot;dut&quot;, DUTS, ids=DUTS_NAME)<br/>    @pytest.mark.xfail<br/>    def test_dir(dut):<br/>        &quot;&quot;&quot; Verify filesystem is correct<br/>    <br/>            Args:<br/>              dut (dict): Encapsulates dut details including name, connection<br/>        &quot;&quot;&quot;<br/>    <br/>        show_cmd = &quot;dir&quot;<br/>        eos_dir = dut[&quot;output&quot;][show_cmd][&quot;text&quot;]<br/>    <br/>        print(f&quot;\nNO AUTOMATED TEST.  MUST TEST MANUALLY&quot;)<br/>        print(f&quot;\nOn router |{dut[&#x27;name&#x27;]}|: dir:\n{eos_dir}&quot;)<br/>    <br/>&gt;       assert False<br/><span class="error">E       assert False</span><br/><br/>test_base_feature_checklist.py:87: AssertionError<br/> ------------------------------Captured stdout call------------------------------ <br/>
NO AUTOMATED TEST.  MUST TEST MANUALLY

On router |kgrozis_spine01|: dir:
Directory of flash:/

       -rw-      852732           Mar 30 23:38  Aboot.initrd
       -rw-     4012112           Mar 30 23:38  Aboot.kernel
       -rw-         462            Aug 3 13:37  AsuFastPktTransmit.log
       -rw-   471746688           Mar 30 23:38  CloudEOS.swi
       drwx        4096            Aug 3 13:36  Fossil
       -rw-         284            Aug 3 13:37  SsuRestore.log
       -rw-         284            Aug 3 13:37  SsuRestoreLegacy.log
       drwx        4096            Aug 3 13:37  awslogs
       -rw-           5            Aug 3 13:37  bessd.buffers
       -rw-           4            Aug 3 13:37  bessd.mem
       drwx        4096           Mar 30 23:38  boot
       -rw-          23           Mar 30 23:38  boot-config
       -rw-          65           Mar 30 23:38  boot-extensions
       drwx        4096            Aug 3 13:38  debug
       -rwx         161           Mar 30 23:38  dhcpintf
       drwx        4096            Aug 3 13:36  fastpkttx.backup
       -rw-         163            Aug 3 13:36  kernel-params
       -rw-         395            Aug 3 13:35  key.pub
       drwx       16384           Mar 30 23:38  lost+found
       drwx        4096            Aug 3 21:18  persist
       drwx        4096            Aug 3 13:42  schedule
       -rw-        6701            Aug 3 13:47  startup-config
       -rw-         248           Mar 30 23:38  veos-config
       -rw-          13           Mar 30 23:38  zerotouch-config

8319852544 bytes total (7301292032 bytes free)

<br/></div></td></tr></tbody>
      <tbody class="xfailed results-table-row">
        <tr>
          <td class="col-result">XFailed</td>
          <td class="col-name">test_base_feature_checklist.py::test_dir[kgrozis_spine02]</td>
          <td class="col-duration">0.00</td>
          <td class="col-links"></td></tr>
        <tr>
          <td class="extra" colspan="4">
            <div class="log">dut = {&#x27;connection&#x27;: Node(connection=EapiConnection(transport=https://3.129.171.155:443//command-api)), &#x27;name&#x27;: &#x27;kgrozis_spi...               Error:          0\n             Pending:          0\n\nLast time counters were cleared: never\n&#x27;}, ...}}<br/><br/>    @pytest.mark.parametrize(&quot;dut&quot;, DUTS, ids=DUTS_NAME)<br/>    @pytest.mark.xfail<br/>    def test_dir(dut):<br/>        &quot;&quot;&quot; Verify filesystem is correct<br/>    <br/>            Args:<br/>              dut (dict): Encapsulates dut details including name, connection<br/>        &quot;&quot;&quot;<br/>    <br/>        show_cmd = &quot;dir&quot;<br/>        eos_dir = dut[&quot;output&quot;][show_cmd][&quot;text&quot;]<br/>    <br/>        print(f&quot;\nNO AUTOMATED TEST.  MUST TEST MANUALLY&quot;)<br/>        print(f&quot;\nOn router |{dut[&#x27;name&#x27;]}|: dir:\n{eos_dir}&quot;)<br/>    <br/>&gt;       assert False<br/><span class="error">E       assert False</span><br/><br/>test_base_feature_checklist.py:87: AssertionError<br/> ------------------------------Captured stdout call------------------------------ <br/>
NO AUTOMATED TEST.  MUST TEST MANUALLY

On router |kgrozis_spine02|: dir:
Directory of flash:/

       -rw-      852732           Mar 30 23:38  Aboot.initrd
       -rw-     4012112           Mar 30 23:38  Aboot.kernel
       -rw-         462            Aug 3 13:37  AsuFastPktTransmit.log
       -rw-   471746688           Mar 30 23:38  CloudEOS.swi
       drwx        4096            Aug 3 13:35  Fossil
       -rw-         284            Aug 3 13:37  SsuRestore.log
       -rw-         284            Aug 3 13:37  SsuRestoreLegacy.log
       drwx        4096            Aug 3 13:37  awslogs
       -rw-           5            Aug 3 13:37  bessd.buffers
       -rw-           4            Aug 3 13:37  bessd.mem
       drwx        4096           Mar 30 23:38  boot
       -rw-          23           Mar 30 23:38  boot-config
       -rw-          65           Mar 30 23:38  boot-extensions
       drwx        4096            Aug 3 13:38  debug
       -rwx         161           Mar 30 23:38  dhcpintf
       drwx        4096            Aug 3 13:35  fastpkttx.backup
       -rw-         163            Aug 3 13:36  kernel-params
       -rw-         395            Aug 3 13:35  key.pub
       drwx       16384           Mar 30 23:38  lost+found
       drwx        4096            Aug 3 21:18  persist
       drwx        4096            Aug 3 13:42  schedule
       -rw-        6701            Aug 3 13:47  startup-config
       -rw-         248           Mar 30 23:38  veos-config
       -rw-          13           Mar 30 23:38  zerotouch-config

8319852544 bytes total (7301320704 bytes free)

<br/></div></td></tr></tbody>
      <tbody class="passed results-table-row">
        <tr>
          <td class="col-result">Passed</td>
          <td class="col-name">test_base_feature_checklist.py::test_assert_true</td>
          <td class="col-duration">0.00</td>
          <td class="col-links"></td></tr>
        <tr>
          <td class="extra" colspan="4">
            <div class="log"> -------------------------------Captured log call-------------------------------- <br/>[32mINFO    [0m root:test_base_feature_checklist.py:62 Prior to running any tests this test Validates that PyTest is working correct by verifying PyTest can assert True.<br/></div></td></tr></tbody>
      <tbody class="passed results-table-row">
        <tr>
          <td class="col-result">Passed</td>
          <td class="col-name">test_base_feature_checklist.py::test_is_terminattr_daemon_running_on_[test_spine01]</td>
          <td class="col-duration">0.01</td>
          <td class="col-links"></td></tr>
        <tr>
          <td class="extra" colspan="4">
            <div class="log"> -------------------------------Captured log setup------------------------------- <br/>[32mINFO    [0m root:tests_tools.py:123 Opening tests_definitions.yaml for read
[32mINFO    [0m root:tests_tools.py:128 Inputed the following yaml: {&#x27;test_suites&#x27;: [{&#x27;name&#x27;: &#x27;test_base_feature_checklist.py&#x27;, &#x27;testcases&#x27;: [{&#x27;name&#x27;: &#x27;test_is_terminattr_daemon_running_on_&#x27;, &#x27;description&#x27;: &#x27;Verify TerminAttr daemon is running&#x27;, &#x27;expected_output&#x27;: True, &#x27;actual_output&#x27;: None, &#x27;comment&#x27;: None, &#x27;result&#x27;: True}, {&#x27;name&#x27;: &#x27;test_is_daemon_enabled_on_&#x27;, &#x27;description&#x27;: &#x27;Verify TerminAttr daemon is enabled&#x27;, &#x27;expected_output&#x27;: True, &#x27;actual_output&#x27;: None, &#x27;comment&#x27;: None, &#x27;result&#x27;: True}, {&#x27;name&#x27;: &#x27;test_is_aws_extension_installed_on_&#x27;, &#x27;description&#x27;: &#x27;Verify awslogs extension is installed and not erroring&#x27;, &#x27;show_cmd&#x27;: &#x27;show extensions&#x27;, &#x27;expected_output&#x27;: &#x27;installed&#x27;, &#x27;actual_output&#x27;: None, &#x27;comment&#x27;: None, &#x27;result&#x27;: True}]}]}<br/> ------------------------------Captured stdout call------------------------------ <br/>
On router |test_spine01|: TerminAttr daemon running is |True|
<br/> -------------------------------Captured log call-------------------------------- <br/>[32mINFO    [0m root:tests_tools.py:389 Identify test case and return parameters
[32mINFO    [0m root:tests_tools.py:392 Return testcases for Test Suite: test_base_feature_checklist.py
[32mINFO    [0m root:tests_tools.py:394 Suite_parameters: [{&#x27;name&#x27;: &#x27;test_base_feature_checklist.py&#x27;, &#x27;testcases&#x27;: [{&#x27;name&#x27;: &#x27;test_is_terminattr_daemon_running_on_&#x27;, &#x27;description&#x27;: &#x27;Verify TerminAttr daemon is running&#x27;, &#x27;expected_output&#x27;: True, &#x27;actual_output&#x27;: None, &#x27;comment&#x27;: None, &#x27;result&#x27;: True}, {&#x27;name&#x27;: &#x27;test_is_daemon_enabled_on_&#x27;, &#x27;description&#x27;: &#x27;Verify TerminAttr daemon is enabled&#x27;, &#x27;expected_output&#x27;: True, &#x27;actual_output&#x27;: None, &#x27;comment&#x27;: None, &#x27;result&#x27;: True}, {&#x27;name&#x27;: &#x27;test_is_aws_extension_installed_on_&#x27;, &#x27;description&#x27;: &#x27;Verify awslogs extension is installed and not erroring&#x27;, &#x27;show_cmd&#x27;: &#x27;show extensions&#x27;, &#x27;expected_output&#x27;: &#x27;installed&#x27;, &#x27;actual_output&#x27;: None, &#x27;comment&#x27;: None, &#x27;result&#x27;: True}]}]
[32mINFO    [0m root:tests_tools.py:396 Return parameters for Test Case: test_is_terminattr_daemon_running_on_
[32mINFO    [0m root:tests_tools.py:398 Case_parameters: [{&#x27;name&#x27;: &#x27;test_is_terminattr_daemon_running_on_&#x27;, &#x27;description&#x27;: &#x27;Verify TerminAttr daemon is running&#x27;, &#x27;expected_output&#x27;: True, &#x27;actual_output&#x27;: None, &#x27;comment&#x27;: None, &#x27;result&#x27;: True}]
[32mINFO    [0m root:test_base_feature_checklist.py:103 TEST is terminattr daemon running on |test_spine01|
[32mINFO    [0m root:test_base_feature_checklist.py:104 GIVEN expected terminattrâ€‹ running state: |True|
[32mINFO    [0m root:test_base_feature_checklist.py:109 WHEN terminattrâ€‹ device running state is |True|
[32mINFO    [0m root:test_base_feature_checklist.py:112 THEN test case result is |True|<br/></div></td></tr></tbody>
      <tbody class="passed results-table-row">
        <tr>
          <td class="col-result">Passed</td>
          <td class="col-name">test_base_feature_checklist.py::test_is_terminattr_daemon_running_on_[test_spine02]</td>
          <td class="col-duration">0.00</td>
          <td class="col-links"></td></tr>
        <tr>
          <td class="extra" colspan="4">
            <div class="log"> -------------------------------Captured log setup------------------------------- <br/>[32mINFO    [0m root:tests_tools.py:123 Opening tests_definitions.yaml for read
[32mINFO    [0m root:tests_tools.py:128 Inputed the following yaml: {&#x27;test_suites&#x27;: [{&#x27;name&#x27;: &#x27;test_base_feature_checklist.py&#x27;, &#x27;testcases&#x27;: [{&#x27;name&#x27;: &#x27;test_is_terminattr_daemon_running_on_&#x27;, &#x27;description&#x27;: &#x27;Verify TerminAttr daemon is running&#x27;, &#x27;expected_output&#x27;: True, &#x27;actual_output&#x27;: None, &#x27;comment&#x27;: None, &#x27;result&#x27;: True}, {&#x27;name&#x27;: &#x27;test_is_daemon_enabled_on_&#x27;, &#x27;description&#x27;: &#x27;Verify TerminAttr daemon is enabled&#x27;, &#x27;expected_output&#x27;: True, &#x27;actual_output&#x27;: None, &#x27;comment&#x27;: None, &#x27;result&#x27;: True}, {&#x27;name&#x27;: &#x27;test_is_aws_extension_installed_on_&#x27;, &#x27;description&#x27;: &#x27;Verify awslogs extension is installed and not erroring&#x27;, &#x27;show_cmd&#x27;: &#x27;show extensions&#x27;, &#x27;expected_output&#x27;: &#x27;installed&#x27;, &#x27;actual_output&#x27;: None, &#x27;comment&#x27;: None, &#x27;result&#x27;: True}]}]}<br/> ------------------------------Captured stdout call------------------------------ <br/>
On router |test_spine02|: TerminAttr daemon running is |True|
<br/> -------------------------------Captured log call-------------------------------- <br/>[32mINFO    [0m root:tests_tools.py:389 Identify test case and return parameters
[32mINFO    [0m root:tests_tools.py:392 Return testcases for Test Suite: test_base_feature_checklist.py
[32mINFO    [0m root:tests_tools.py:394 Suite_parameters: [{&#x27;name&#x27;: &#x27;test_base_feature_checklist.py&#x27;, &#x27;testcases&#x27;: [{&#x27;name&#x27;: &#x27;test_is_terminattr_daemon_running_on_&#x27;, &#x27;description&#x27;: &#x27;Verify TerminAttr daemon is running&#x27;, &#x27;expected_output&#x27;: True, &#x27;actual_output&#x27;: None, &#x27;comment&#x27;: None, &#x27;result&#x27;: True}, {&#x27;name&#x27;: &#x27;test_is_daemon_enabled_on_&#x27;, &#x27;description&#x27;: &#x27;Verify TerminAttr daemon is enabled&#x27;, &#x27;expected_output&#x27;: True, &#x27;actual_output&#x27;: None, &#x27;comment&#x27;: None, &#x27;result&#x27;: True}, {&#x27;name&#x27;: &#x27;test_is_aws_extension_installed_on_&#x27;, &#x27;description&#x27;: &#x27;Verify awslogs extension is installed and not erroring&#x27;, &#x27;show_cmd&#x27;: &#x27;show extensions&#x27;, &#x27;expected_output&#x27;: &#x27;installed&#x27;, &#x27;actual_output&#x27;: None, &#x27;comment&#x27;: None, &#x27;result&#x27;: True}]}]
[32mINFO    [0m root:tests_tools.py:396 Return parameters for Test Case: test_is_terminattr_daemon_running_on_
[32mINFO    [0m root:tests_tools.py:398 Case_parameters: [{&#x27;name&#x27;: &#x27;test_is_terminattr_daemon_running_on_&#x27;, &#x27;description&#x27;: &#x27;Verify TerminAttr daemon is running&#x27;, &#x27;expected_output&#x27;: True, &#x27;actual_output&#x27;: None, &#x27;comment&#x27;: None, &#x27;result&#x27;: True}]
[32mINFO    [0m root:test_base_feature_checklist.py:103 TEST is terminattr daemon running on |test_spine02|
[32mINFO    [0m root:test_base_feature_checklist.py:104 GIVEN expected terminattrâ€‹ running state: |True|
[32mINFO    [0m root:test_base_feature_checklist.py:109 WHEN terminattrâ€‹ device running state is |True|
[32mINFO    [0m root:test_base_feature_checklist.py:112 THEN test case result is |True|<br/></div></td></tr></tbody>
      <tbody class="passed results-table-row">
        <tr>
          <td class="col-result">Passed</td>
          <td class="col-name">test_base_feature_checklist.py::test_is_terminattr_daemon_running_on_[kgrozis_spine01]</td>
          <td class="col-duration">0.01</td>
          <td class="col-links"></td></tr>
        <tr>
          <td class="extra" colspan="4">
            <div class="log"> -------------------------------Captured log setup------------------------------- <br/>[32mINFO    [0m root:tests_tools.py:123 Opening tests_definitions.yaml for read
[32mINFO    [0m root:tests_tools.py:128 Inputed the following yaml: {&#x27;test_suites&#x27;: [{&#x27;name&#x27;: &#x27;test_base_feature_checklist.py&#x27;, &#x27;testcases&#x27;: [{&#x27;name&#x27;: &#x27;test_is_terminattr_daemon_running_on_&#x27;, &#x27;description&#x27;: &#x27;Verify TerminAttr daemon is running&#x27;, &#x27;expected_output&#x27;: True, &#x27;actual_output&#x27;: None, &#x27;comment&#x27;: None, &#x27;result&#x27;: True}, {&#x27;name&#x27;: &#x27;test_is_daemon_enabled_on_&#x27;, &#x27;description&#x27;: &#x27;Verify TerminAttr daemon is enabled&#x27;, &#x27;expected_output&#x27;: True, &#x27;actual_output&#x27;: None, &#x27;comment&#x27;: None, &#x27;result&#x27;: True}, {&#x27;name&#x27;: &#x27;test_is_aws_extension_installed_on_&#x27;, &#x27;description&#x27;: &#x27;Verify awslogs extension is installed and not erroring&#x27;, &#x27;show_cmd&#x27;: &#x27;show extensions&#x27;, &#x27;expected_output&#x27;: &#x27;installed&#x27;, &#x27;actual_output&#x27;: None, &#x27;comment&#x27;: None, &#x27;result&#x27;: True}]}]}<br/> ------------------------------Captured stdout call------------------------------ <br/>
On router |kgrozis_spine01|: TerminAttr daemon running is |True|
<br/> -------------------------------Captured log call-------------------------------- <br/>[32mINFO    [0m root:tests_tools.py:389 Identify test case and return parameters
[32mINFO    [0m root:tests_tools.py:392 Return testcases for Test Suite: test_base_feature_checklist.py
[32mINFO    [0m root:tests_tools.py:394 Suite_parameters: [{&#x27;name&#x27;: &#x27;test_base_feature_checklist.py&#x27;, &#x27;testcases&#x27;: [{&#x27;name&#x27;: &#x27;test_is_terminattr_daemon_running_on_&#x27;, &#x27;description&#x27;: &#x27;Verify TerminAttr daemon is running&#x27;, &#x27;expected_output&#x27;: True, &#x27;actual_output&#x27;: None, &#x27;comment&#x27;: None, &#x27;result&#x27;: True}, {&#x27;name&#x27;: &#x27;test_is_daemon_enabled_on_&#x27;, &#x27;description&#x27;: &#x27;Verify TerminAttr daemon is enabled&#x27;, &#x27;expected_output&#x27;: True, &#x27;actual_output&#x27;: None, &#x27;comment&#x27;: None, &#x27;result&#x27;: True}, {&#x27;name&#x27;: &#x27;test_is_aws_extension_installed_on_&#x27;, &#x27;description&#x27;: &#x27;Verify awslogs extension is installed and not erroring&#x27;, &#x27;show_cmd&#x27;: &#x27;show extensions&#x27;, &#x27;expected_output&#x27;: &#x27;installed&#x27;, &#x27;actual_output&#x27;: None, &#x27;comment&#x27;: None, &#x27;result&#x27;: True}]}]
[32mINFO    [0m root:tests_tools.py:396 Return parameters for Test Case: test_is_terminattr_daemon_running_on_
[32mINFO    [0m root:tests_tools.py:398 Case_parameters: [{&#x27;name&#x27;: &#x27;test_is_terminattr_daemon_running_on_&#x27;, &#x27;description&#x27;: &#x27;Verify TerminAttr daemon is running&#x27;, &#x27;expected_output&#x27;: True, &#x27;actual_output&#x27;: None, &#x27;comment&#x27;: None, &#x27;result&#x27;: True}]
[32mINFO    [0m root:test_base_feature_checklist.py:103 TEST is terminattr daemon running on |kgrozis_spine01|
[32mINFO    [0m root:test_base_feature_checklist.py:104 GIVEN expected terminattrâ€‹ running state: |True|
[32mINFO    [0m root:test_base_feature_checklist.py:109 WHEN terminattrâ€‹ device running state is |True|
[32mINFO    [0m root:test_base_feature_checklist.py:112 THEN test case result is |True|<br/></div></td></tr></tbody>
      <tbody class="passed results-table-row">
        <tr>
          <td class="col-result">Passed</td>
          <td class="col-name">test_base_feature_checklist.py::test_is_terminattr_daemon_running_on_[kgrozis_spine02]</td>
          <td class="col-duration">0.00</td>
          <td class="col-links"></td></tr>
        <tr>
          <td class="extra" colspan="4">
            <div class="log"> -------------------------------Captured log setup------------------------------- <br/>[32mINFO    [0m root:tests_tools.py:123 Opening tests_definitions.yaml for read
[32mINFO    [0m root:tests_tools.py:128 Inputed the following yaml: {&#x27;test_suites&#x27;: [{&#x27;name&#x27;: &#x27;test_base_feature_checklist.py&#x27;, &#x27;testcases&#x27;: [{&#x27;name&#x27;: &#x27;test_is_terminattr_daemon_running_on_&#x27;, &#x27;description&#x27;: &#x27;Verify TerminAttr daemon is running&#x27;, &#x27;expected_output&#x27;: True, &#x27;actual_output&#x27;: None, &#x27;comment&#x27;: None, &#x27;result&#x27;: True}, {&#x27;name&#x27;: &#x27;test_is_daemon_enabled_on_&#x27;, &#x27;description&#x27;: &#x27;Verify TerminAttr daemon is enabled&#x27;, &#x27;expected_output&#x27;: True, &#x27;actual_output&#x27;: None, &#x27;comment&#x27;: None, &#x27;result&#x27;: True}, {&#x27;name&#x27;: &#x27;test_is_aws_extension_installed_on_&#x27;, &#x27;description&#x27;: &#x27;Verify awslogs extension is installed and not erroring&#x27;, &#x27;show_cmd&#x27;: &#x27;show extensions&#x27;, &#x27;expected_output&#x27;: &#x27;installed&#x27;, &#x27;actual_output&#x27;: None, &#x27;comment&#x27;: None, &#x27;result&#x27;: True}]}]}<br/> ------------------------------Captured stdout call------------------------------ <br/>
On router |kgrozis_spine02|: TerminAttr daemon running is |True|
<br/> -------------------------------Captured log call-------------------------------- <br/>[32mINFO    [0m root:tests_tools.py:389 Identify test case and return parameters
[32mINFO    [0m root:tests_tools.py:392 Return testcases for Test Suite: test_base_feature_checklist.py
[32mINFO    [0m root:tests_tools.py:394 Suite_parameters: [{&#x27;name&#x27;: &#x27;test_base_feature_checklist.py&#x27;, &#x27;testcases&#x27;: [{&#x27;name&#x27;: &#x27;test_is_terminattr_daemon_running_on_&#x27;, &#x27;description&#x27;: &#x27;Verify TerminAttr daemon is running&#x27;, &#x27;expected_output&#x27;: True, &#x27;actual_output&#x27;: None, &#x27;comment&#x27;: None, &#x27;result&#x27;: True}, {&#x27;name&#x27;: &#x27;test_is_daemon_enabled_on_&#x27;, &#x27;description&#x27;: &#x27;Verify TerminAttr daemon is enabled&#x27;, &#x27;expected_output&#x27;: True, &#x27;actual_output&#x27;: None, &#x27;comment&#x27;: None, &#x27;result&#x27;: True}, {&#x27;name&#x27;: &#x27;test_is_aws_extension_installed_on_&#x27;, &#x27;description&#x27;: &#x27;Verify awslogs extension is installed and not erroring&#x27;, &#x27;show_cmd&#x27;: &#x27;show extensions&#x27;, &#x27;expected_output&#x27;: &#x27;installed&#x27;, &#x27;actual_output&#x27;: None, &#x27;comment&#x27;: None, &#x27;result&#x27;: True}]}]
[32mINFO    [0m root:tests_tools.py:396 Return parameters for Test Case: test_is_terminattr_daemon_running_on_
[32mINFO    [0m root:tests_tools.py:398 Case_parameters: [{&#x27;name&#x27;: &#x27;test_is_terminattr_daemon_running_on_&#x27;, &#x27;description&#x27;: &#x27;Verify TerminAttr daemon is running&#x27;, &#x27;expected_output&#x27;: True, &#x27;actual_output&#x27;: None, &#x27;comment&#x27;: None, &#x27;result&#x27;: True}]
[32mINFO    [0m root:test_base_feature_checklist.py:103 TEST is terminattr daemon running on |kgrozis_spine02|
[32mINFO    [0m root:test_base_feature_checklist.py:104 GIVEN expected terminattrâ€‹ running state: |True|
[32mINFO    [0m root:test_base_feature_checklist.py:109 WHEN terminattrâ€‹ device running state is |True|
[32mINFO    [0m root:test_base_feature_checklist.py:112 THEN test case result is |True|<br/></div></td></tr></tbody>
      <tbody class="passed results-table-row">
        <tr>
          <td class="col-result">Passed</td>
          <td class="col-name">test_base_feature_checklist.py::test_is_daemon_enabled_on_[test_spine01]</td>
          <td class="col-duration">0.01</td>
          <td class="col-links"></td></tr>
        <tr>
          <td class="extra" colspan="4">
            <div class="log"> -------------------------------Captured log setup------------------------------- <br/>[32mINFO    [0m root:tests_tools.py:123 Opening tests_definitions.yaml for read
[32mINFO    [0m root:tests_tools.py:128 Inputed the following yaml: {&#x27;test_suites&#x27;: [{&#x27;name&#x27;: &#x27;test_base_feature_checklist.py&#x27;, &#x27;testcases&#x27;: [{&#x27;name&#x27;: &#x27;test_is_terminattr_daemon_running_on_&#x27;, &#x27;description&#x27;: &#x27;Verify TerminAttr daemon is running&#x27;, &#x27;expected_output&#x27;: True, &#x27;actual_output&#x27;: None, &#x27;comment&#x27;: None, &#x27;result&#x27;: True}, {&#x27;name&#x27;: &#x27;test_is_daemon_enabled_on_&#x27;, &#x27;description&#x27;: &#x27;Verify TerminAttr daemon is enabled&#x27;, &#x27;expected_output&#x27;: True, &#x27;actual_output&#x27;: None, &#x27;comment&#x27;: None, &#x27;result&#x27;: True}, {&#x27;name&#x27;: &#x27;test_is_aws_extension_installed_on_&#x27;, &#x27;description&#x27;: &#x27;Verify awslogs extension is installed and not erroring&#x27;, &#x27;show_cmd&#x27;: &#x27;show extensions&#x27;, &#x27;expected_output&#x27;: &#x27;installed&#x27;, &#x27;actual_output&#x27;: None, &#x27;comment&#x27;: None, &#x27;result&#x27;: True}]}]}<br/> ------------------------------Captured stdout call------------------------------ <br/>
On router |test_spine01|: TerminAttr daemon enabled is |True| and expected value is |True|.
Test result is True
<br/> -------------------------------Captured log call-------------------------------- <br/>[32mINFO    [0m root:tests_tools.py:389 Identify test case and return parameters
[32mINFO    [0m root:tests_tools.py:392 Return testcases for Test Suite: test_base_feature_checklist.py
[32mINFO    [0m root:tests_tools.py:394 Suite_parameters: [{&#x27;name&#x27;: &#x27;test_base_feature_checklist.py&#x27;, &#x27;testcases&#x27;: [{&#x27;name&#x27;: &#x27;test_is_terminattr_daemon_running_on_&#x27;, &#x27;description&#x27;: &#x27;Verify TerminAttr daemon is running&#x27;, &#x27;expected_output&#x27;: True, &#x27;actual_output&#x27;: None, &#x27;comment&#x27;: None, &#x27;result&#x27;: True}, {&#x27;name&#x27;: &#x27;test_is_daemon_enabled_on_&#x27;, &#x27;description&#x27;: &#x27;Verify TerminAttr daemon is enabled&#x27;, &#x27;expected_output&#x27;: True, &#x27;actual_output&#x27;: None, &#x27;comment&#x27;: None, &#x27;result&#x27;: True}, {&#x27;name&#x27;: &#x27;test_is_aws_extension_installed_on_&#x27;, &#x27;description&#x27;: &#x27;Verify awslogs extension is installed and not erroring&#x27;, &#x27;show_cmd&#x27;: &#x27;show extensions&#x27;, &#x27;expected_output&#x27;: &#x27;installed&#x27;, &#x27;actual_output&#x27;: None, &#x27;comment&#x27;: None, &#x27;result&#x27;: True}]}]
[32mINFO    [0m root:tests_tools.py:396 Return parameters for Test Case: test_is_daemon_enabled_on_
[32mINFO    [0m root:tests_tools.py:398 Case_parameters: [{&#x27;name&#x27;: &#x27;test_is_daemon_enabled_on_&#x27;, &#x27;description&#x27;: &#x27;Verify TerminAttr daemon is enabled&#x27;, &#x27;expected_output&#x27;: True, &#x27;actual_output&#x27;: None, &#x27;comment&#x27;: None, &#x27;result&#x27;: True}]
[32mINFO    [0m root:test_base_feature_checklist.py:132 TEST is terminattr daemon enabled on |test_spine01|
[32mINFO    [0m root:test_base_feature_checklist.py:133 GIVEN expected terminattrâ€‹ enabled state: |True|
[32mINFO    [0m root:test_base_feature_checklist.py:139 WHEN terminattrâ€‹ device enabled state is |True|
[32mINFO    [0m root:test_base_feature_checklist.py:142 THEN test case result is |True|
[32mINFO    [0m root:test_base_feature_checklist.py:143 OUTPUT of |show daemon|:

Process: TerminAttr (running with PID 1749)
Uptime: 18 days, 18:22:55 (Start time: Thu Jul 16 02:58:29 2020)
No configuration options stored.

No status data stored.<br/></div></td></tr></tbody>
      <tbody class="passed results-table-row">
        <tr>
          <td class="col-result">Passed</td>
          <td class="col-name">test_base_feature_checklist.py::test_is_daemon_enabled_on_[test_spine02]</td>
          <td class="col-duration">0.01</td>
          <td class="col-links"></td></tr>
        <tr>
          <td class="extra" colspan="4">
            <div class="log"> -------------------------------Captured log setup------------------------------- <br/>[32mINFO    [0m root:tests_tools.py:123 Opening tests_definitions.yaml for read
[32mINFO    [0m root:tests_tools.py:128 Inputed the following yaml: {&#x27;test_suites&#x27;: [{&#x27;name&#x27;: &#x27;test_base_feature_checklist.py&#x27;, &#x27;testcases&#x27;: [{&#x27;name&#x27;: &#x27;test_is_terminattr_daemon_running_on_&#x27;, &#x27;description&#x27;: &#x27;Verify TerminAttr daemon is running&#x27;, &#x27;expected_output&#x27;: True, &#x27;actual_output&#x27;: None, &#x27;comment&#x27;: None, &#x27;result&#x27;: True}, {&#x27;name&#x27;: &#x27;test_is_daemon_enabled_on_&#x27;, &#x27;description&#x27;: &#x27;Verify TerminAttr daemon is enabled&#x27;, &#x27;expected_output&#x27;: True, &#x27;actual_output&#x27;: None, &#x27;comment&#x27;: None, &#x27;result&#x27;: True}, {&#x27;name&#x27;: &#x27;test_is_aws_extension_installed_on_&#x27;, &#x27;description&#x27;: &#x27;Verify awslogs extension is installed and not erroring&#x27;, &#x27;show_cmd&#x27;: &#x27;show extensions&#x27;, &#x27;expected_output&#x27;: &#x27;installed&#x27;, &#x27;actual_output&#x27;: None, &#x27;comment&#x27;: None, &#x27;result&#x27;: True}]}]}<br/> ------------------------------Captured stdout call------------------------------ <br/>
On router |test_spine02|: TerminAttr daemon enabled is |True| and expected value is |True|.
Test result is True
<br/> -------------------------------Captured log call-------------------------------- <br/>[32mINFO    [0m root:tests_tools.py:389 Identify test case and return parameters
[32mINFO    [0m root:tests_tools.py:392 Return testcases for Test Suite: test_base_feature_checklist.py
[32mINFO    [0m root:tests_tools.py:394 Suite_parameters: [{&#x27;name&#x27;: &#x27;test_base_feature_checklist.py&#x27;, &#x27;testcases&#x27;: [{&#x27;name&#x27;: &#x27;test_is_terminattr_daemon_running_on_&#x27;, &#x27;description&#x27;: &#x27;Verify TerminAttr daemon is running&#x27;, &#x27;expected_output&#x27;: True, &#x27;actual_output&#x27;: None, &#x27;comment&#x27;: None, &#x27;result&#x27;: True}, {&#x27;name&#x27;: &#x27;test_is_daemon_enabled_on_&#x27;, &#x27;description&#x27;: &#x27;Verify TerminAttr daemon is enabled&#x27;, &#x27;expected_output&#x27;: True, &#x27;actual_output&#x27;: None, &#x27;comment&#x27;: None, &#x27;result&#x27;: True}, {&#x27;name&#x27;: &#x27;test_is_aws_extension_installed_on_&#x27;, &#x27;description&#x27;: &#x27;Verify awslogs extension is installed and not erroring&#x27;, &#x27;show_cmd&#x27;: &#x27;show extensions&#x27;, &#x27;expected_output&#x27;: &#x27;installed&#x27;, &#x27;actual_output&#x27;: None, &#x27;comment&#x27;: None, &#x27;result&#x27;: True}]}]
[32mINFO    [0m root:tests_tools.py:396 Return parameters for Test Case: test_is_daemon_enabled_on_
[32mINFO    [0m root:tests_tools.py:398 Case_parameters: [{&#x27;name&#x27;: &#x27;test_is_daemon_enabled_on_&#x27;, &#x27;description&#x27;: &#x27;Verify TerminAttr daemon is enabled&#x27;, &#x27;expected_output&#x27;: True, &#x27;actual_output&#x27;: None, &#x27;comment&#x27;: None, &#x27;result&#x27;: True}]
[32mINFO    [0m root:test_base_feature_checklist.py:132 TEST is terminattr daemon enabled on |test_spine02|
[32mINFO    [0m root:test_base_feature_checklist.py:133 GIVEN expected terminattrâ€‹ enabled state: |True|
[32mINFO    [0m root:test_base_feature_checklist.py:139 WHEN terminattrâ€‹ device enabled state is |True|
[32mINFO    [0m root:test_base_feature_checklist.py:142 THEN test case result is |True|
[32mINFO    [0m root:test_base_feature_checklist.py:143 OUTPUT of |show daemon|:

Process: TerminAttr (running with PID 1722)
Uptime: 18 days, 18:22:48 (Start time: Thu Jul 16 02:58:36 2020)
No configuration options stored.

No status data stored.<br/></div></td></tr></tbody>
      <tbody class="passed results-table-row">
        <tr>
          <td class="col-result">Passed</td>
          <td class="col-name">test_base_feature_checklist.py::test_is_daemon_enabled_on_[kgrozis_spine01]</td>
          <td class="col-duration">0.01</td>
          <td class="col-links"></td></tr>
        <tr>
          <td class="extra" colspan="4">
            <div class="log"> -------------------------------Captured log setup------------------------------- <br/>[32mINFO    [0m root:tests_tools.py:123 Opening tests_definitions.yaml for read
[32mINFO    [0m root:tests_tools.py:128 Inputed the following yaml: {&#x27;test_suites&#x27;: [{&#x27;name&#x27;: &#x27;test_base_feature_checklist.py&#x27;, &#x27;testcases&#x27;: [{&#x27;name&#x27;: &#x27;test_is_terminattr_daemon_running_on_&#x27;, &#x27;description&#x27;: &#x27;Verify TerminAttr daemon is running&#x27;, &#x27;expected_output&#x27;: True, &#x27;actual_output&#x27;: None, &#x27;comment&#x27;: None, &#x27;result&#x27;: True}, {&#x27;name&#x27;: &#x27;test_is_daemon_enabled_on_&#x27;, &#x27;description&#x27;: &#x27;Verify TerminAttr daemon is enabled&#x27;, &#x27;expected_output&#x27;: True, &#x27;actual_output&#x27;: None, &#x27;comment&#x27;: None, &#x27;result&#x27;: True}, {&#x27;name&#x27;: &#x27;test_is_aws_extension_installed_on_&#x27;, &#x27;description&#x27;: &#x27;Verify awslogs extension is installed and not erroring&#x27;, &#x27;show_cmd&#x27;: &#x27;show extensions&#x27;, &#x27;expected_output&#x27;: &#x27;installed&#x27;, &#x27;actual_output&#x27;: None, &#x27;comment&#x27;: None, &#x27;result&#x27;: True}]}]}<br/> ------------------------------Captured stdout call------------------------------ <br/>
On router |kgrozis_spine01|: TerminAttr daemon enabled is |True| and expected value is |True|.
Test result is True
<br/> -------------------------------Captured log call-------------------------------- <br/>[32mINFO    [0m root:tests_tools.py:389 Identify test case and return parameters
[32mINFO    [0m root:tests_tools.py:392 Return testcases for Test Suite: test_base_feature_checklist.py
[32mINFO    [0m root:tests_tools.py:394 Suite_parameters: [{&#x27;name&#x27;: &#x27;test_base_feature_checklist.py&#x27;, &#x27;testcases&#x27;: [{&#x27;name&#x27;: &#x27;test_is_terminattr_daemon_running_on_&#x27;, &#x27;description&#x27;: &#x27;Verify TerminAttr daemon is running&#x27;, &#x27;expected_output&#x27;: True, &#x27;actual_output&#x27;: None, &#x27;comment&#x27;: None, &#x27;result&#x27;: True}, {&#x27;name&#x27;: &#x27;test_is_daemon_enabled_on_&#x27;, &#x27;description&#x27;: &#x27;Verify TerminAttr daemon is enabled&#x27;, &#x27;expected_output&#x27;: True, &#x27;actual_output&#x27;: None, &#x27;comment&#x27;: None, &#x27;result&#x27;: True}, {&#x27;name&#x27;: &#x27;test_is_aws_extension_installed_on_&#x27;, &#x27;description&#x27;: &#x27;Verify awslogs extension is installed and not erroring&#x27;, &#x27;show_cmd&#x27;: &#x27;show extensions&#x27;, &#x27;expected_output&#x27;: &#x27;installed&#x27;, &#x27;actual_output&#x27;: None, &#x27;comment&#x27;: None, &#x27;result&#x27;: True}]}]
[32mINFO    [0m root:tests_tools.py:396 Return parameters for Test Case: test_is_daemon_enabled_on_
[32mINFO    [0m root:tests_tools.py:398 Case_parameters: [{&#x27;name&#x27;: &#x27;test_is_daemon_enabled_on_&#x27;, &#x27;description&#x27;: &#x27;Verify TerminAttr daemon is enabled&#x27;, &#x27;expected_output&#x27;: True, &#x27;actual_output&#x27;: None, &#x27;comment&#x27;: None, &#x27;result&#x27;: True}]
[32mINFO    [0m root:test_base_feature_checklist.py:132 TEST is terminattr daemon enabled on |kgrozis_spine01|
[32mINFO    [0m root:test_base_feature_checklist.py:133 GIVEN expected terminattrâ€‹ enabled state: |True|
[32mINFO    [0m root:test_base_feature_checklist.py:139 WHEN terminattrâ€‹ device enabled state is |True|
[32mINFO    [0m root:test_base_feature_checklist.py:142 THEN test case result is |True|
[32mINFO    [0m root:test_base_feature_checklist.py:143 OUTPUT of |show daemon|:

Process: TerminAttr (running with PID 1723)
Uptime: 7:43:12 (Start time: Mon Aug 03 13:38:10 2020)
No configuration options stored.

No status data stored.<br/></div></td></tr></tbody>
      <tbody class="passed results-table-row">
        <tr>
          <td class="col-result">Passed</td>
          <td class="col-name">test_base_feature_checklist.py::test_is_daemon_enabled_on_[kgrozis_spine02]</td>
          <td class="col-duration">0.01</td>
          <td class="col-links"></td></tr>
        <tr>
          <td class="extra" colspan="4">
            <div class="log"> -------------------------------Captured log setup------------------------------- <br/>[32mINFO    [0m root:tests_tools.py:123 Opening tests_definitions.yaml for read
[32mINFO    [0m root:tests_tools.py:128 Inputed the following yaml: {&#x27;test_suites&#x27;: [{&#x27;name&#x27;: &#x27;test_base_feature_checklist.py&#x27;, &#x27;testcases&#x27;: [{&#x27;name&#x27;: &#x27;test_is_terminattr_daemon_running_on_&#x27;, &#x27;description&#x27;: &#x27;Verify TerminAttr daemon is running&#x27;, &#x27;expected_output&#x27;: True, &#x27;actual_output&#x27;: None, &#x27;comment&#x27;: None, &#x27;result&#x27;: True}, {&#x27;name&#x27;: &#x27;test_is_daemon_enabled_on_&#x27;, &#x27;description&#x27;: &#x27;Verify TerminAttr daemon is enabled&#x27;, &#x27;expected_output&#x27;: True, &#x27;actual_output&#x27;: None, &#x27;comment&#x27;: None, &#x27;result&#x27;: True}, {&#x27;name&#x27;: &#x27;test_is_aws_extension_installed_on_&#x27;, &#x27;description&#x27;: &#x27;Verify awslogs extension is installed and not erroring&#x27;, &#x27;show_cmd&#x27;: &#x27;show extensions&#x27;, &#x27;expected_output&#x27;: &#x27;installed&#x27;, &#x27;actual_output&#x27;: None, &#x27;comment&#x27;: None, &#x27;result&#x27;: True}]}]}<br/> ------------------------------Captured stdout call------------------------------ <br/>
On router |kgrozis_spine02|: TerminAttr daemon enabled is |True| and expected value is |True|.
Test result is True
<br/> -------------------------------Captured log call-------------------------------- <br/>[32mINFO    [0m root:tests_tools.py:389 Identify test case and return parameters
[32mINFO    [0m root:tests_tools.py:392 Return testcases for Test Suite: test_base_feature_checklist.py
[32mINFO    [0m root:tests_tools.py:394 Suite_parameters: [{&#x27;name&#x27;: &#x27;test_base_feature_checklist.py&#x27;, &#x27;testcases&#x27;: [{&#x27;name&#x27;: &#x27;test_is_terminattr_daemon_running_on_&#x27;, &#x27;description&#x27;: &#x27;Verify TerminAttr daemon is running&#x27;, &#x27;expected_output&#x27;: True, &#x27;actual_output&#x27;: None, &#x27;comment&#x27;: None, &#x27;result&#x27;: True}, {&#x27;name&#x27;: &#x27;test_is_daemon_enabled_on_&#x27;, &#x27;description&#x27;: &#x27;Verify TerminAttr daemon is enabled&#x27;, &#x27;expected_output&#x27;: True, &#x27;actual_output&#x27;: None, &#x27;comment&#x27;: None, &#x27;result&#x27;: True}, {&#x27;name&#x27;: &#x27;test_is_aws_extension_installed_on_&#x27;, &#x27;description&#x27;: &#x27;Verify awslogs extension is installed and not erroring&#x27;, &#x27;show_cmd&#x27;: &#x27;show extensions&#x27;, &#x27;expected_output&#x27;: &#x27;installed&#x27;, &#x27;actual_output&#x27;: None, &#x27;comment&#x27;: None, &#x27;result&#x27;: True}]}]
[32mINFO    [0m root:tests_tools.py:396 Return parameters for Test Case: test_is_daemon_enabled_on_
[32mINFO    [0m root:tests_tools.py:398 Case_parameters: [{&#x27;name&#x27;: &#x27;test_is_daemon_enabled_on_&#x27;, &#x27;description&#x27;: &#x27;Verify TerminAttr daemon is enabled&#x27;, &#x27;expected_output&#x27;: True, &#x27;actual_output&#x27;: None, &#x27;comment&#x27;: None, &#x27;result&#x27;: True}]
[32mINFO    [0m root:test_base_feature_checklist.py:132 TEST is terminattr daemon enabled on |kgrozis_spine02|
[32mINFO    [0m root:test_base_feature_checklist.py:133 GIVEN expected terminattrâ€‹ enabled state: |True|
[32mINFO    [0m root:test_base_feature_checklist.py:139 WHEN terminattrâ€‹ device enabled state is |True|
[32mINFO    [0m root:test_base_feature_checklist.py:142 THEN test case result is |True|
[32mINFO    [0m root:test_base_feature_checklist.py:143 OUTPUT of |show daemon|:

Process: TerminAttr (running with PID 1664)
Uptime: 7:43:22 (Start time: Mon Aug 03 13:38:00 2020)
No configuration options stored.

No status data stored.<br/></div></td></tr></tbody>
      <tbody class="passed results-table-row">
        <tr>
          <td class="col-result">Passed</td>
          <td class="col-name">test_base_feature_checklist.py::test_is_aws_extension_installed_on_[test_spine01]</td>
          <td class="col-duration">0.00</td>
          <td class="col-links"></td></tr>
        <tr>
          <td class="extra" colspan="4">
            <div class="log"> -------------------------------Captured log setup------------------------------- <br/>[32mINFO    [0m root:tests_tools.py:123 Opening tests_definitions.yaml for read
[32mINFO    [0m root:tests_tools.py:128 Inputed the following yaml: {&#x27;test_suites&#x27;: [{&#x27;name&#x27;: &#x27;test_base_feature_checklist.py&#x27;, &#x27;testcases&#x27;: [{&#x27;name&#x27;: &#x27;test_is_terminattr_daemon_running_on_&#x27;, &#x27;description&#x27;: &#x27;Verify TerminAttr daemon is running&#x27;, &#x27;expected_output&#x27;: True, &#x27;actual_output&#x27;: None, &#x27;comment&#x27;: None, &#x27;result&#x27;: True}, {&#x27;name&#x27;: &#x27;test_is_daemon_enabled_on_&#x27;, &#x27;description&#x27;: &#x27;Verify TerminAttr daemon is enabled&#x27;, &#x27;expected_output&#x27;: True, &#x27;actual_output&#x27;: None, &#x27;comment&#x27;: None, &#x27;result&#x27;: True}, {&#x27;name&#x27;: &#x27;test_is_aws_extension_installed_on_&#x27;, &#x27;description&#x27;: &#x27;Verify awslogs extension is installed and not erroring&#x27;, &#x27;show_cmd&#x27;: &#x27;show extensions&#x27;, &#x27;expected_output&#x27;: &#x27;installed&#x27;, &#x27;actual_output&#x27;: None, &#x27;comment&#x27;: None, &#x27;result&#x27;: True}]}]}<br/> ------------------------------Captured stdout call------------------------------ <br/>
On router |test_spine01| TerminAttr-1.6.1-1.swix extension is |installed|
<br/> -------------------------------Captured log call-------------------------------- <br/>[32mINFO    [0m root:tests_tools.py:389 Identify test case and return parameters
[32mINFO    [0m root:tests_tools.py:392 Return testcases for Test Suite: test_base_feature_checklist.py
[32mINFO    [0m root:tests_tools.py:394 Suite_parameters: [{&#x27;name&#x27;: &#x27;test_base_feature_checklist.py&#x27;, &#x27;testcases&#x27;: [{&#x27;name&#x27;: &#x27;test_is_terminattr_daemon_running_on_&#x27;, &#x27;description&#x27;: &#x27;Verify TerminAttr daemon is running&#x27;, &#x27;expected_output&#x27;: True, &#x27;actual_output&#x27;: None, &#x27;comment&#x27;: None, &#x27;result&#x27;: True}, {&#x27;name&#x27;: &#x27;test_is_daemon_enabled_on_&#x27;, &#x27;description&#x27;: &#x27;Verify TerminAttr daemon is enabled&#x27;, &#x27;expected_output&#x27;: True, &#x27;actual_output&#x27;: None, &#x27;comment&#x27;: None, &#x27;result&#x27;: True}, {&#x27;name&#x27;: &#x27;test_is_aws_extension_installed_on_&#x27;, &#x27;description&#x27;: &#x27;Verify awslogs extension is installed and not erroring&#x27;, &#x27;show_cmd&#x27;: &#x27;show extensions&#x27;, &#x27;expected_output&#x27;: &#x27;installed&#x27;, &#x27;actual_output&#x27;: None, &#x27;comment&#x27;: None, &#x27;result&#x27;: True}]}]
[32mINFO    [0m root:tests_tools.py:396 Return parameters for Test Case: test_is_aws_extension_installed_on_
[32mINFO    [0m root:tests_tools.py:398 Case_parameters: [{&#x27;name&#x27;: &#x27;test_is_aws_extension_installed_on_&#x27;, &#x27;description&#x27;: &#x27;Verify awslogs extension is installed and not erroring&#x27;, &#x27;show_cmd&#x27;: &#x27;show extensions&#x27;, &#x27;expected_output&#x27;: &#x27;installed&#x27;, &#x27;actual_output&#x27;: None, &#x27;comment&#x27;: None, &#x27;result&#x27;: True}]
[32mINFO    [0m root:test_base_feature_checklist.py:164 TEST is awslogs extension installed on |test_spine01|
[32mINFO    [0m root:test_base_feature_checklist.py:165 GIVEN expected awslog extension status: |installed|<br/></div></td></tr></tbody>
      <tbody class="passed results-table-row">
        <tr>
          <td class="col-result">Passed</td>
          <td class="col-name">test_base_feature_checklist.py::test_is_aws_extension_installed_on_[test_spine02]</td>
          <td class="col-duration">0.01</td>
          <td class="col-links"></td></tr>
        <tr>
          <td class="extra" colspan="4">
            <div class="log"> -------------------------------Captured log setup------------------------------- <br/>[32mINFO    [0m root:tests_tools.py:123 Opening tests_definitions.yaml for read
[32mINFO    [0m root:tests_tools.py:128 Inputed the following yaml: {&#x27;test_suites&#x27;: [{&#x27;name&#x27;: &#x27;test_base_feature_checklist.py&#x27;, &#x27;testcases&#x27;: [{&#x27;name&#x27;: &#x27;test_is_terminattr_daemon_running_on_&#x27;, &#x27;description&#x27;: &#x27;Verify TerminAttr daemon is running&#x27;, &#x27;expected_output&#x27;: True, &#x27;actual_output&#x27;: None, &#x27;comment&#x27;: None, &#x27;result&#x27;: True}, {&#x27;name&#x27;: &#x27;test_is_daemon_enabled_on_&#x27;, &#x27;description&#x27;: &#x27;Verify TerminAttr daemon is enabled&#x27;, &#x27;expected_output&#x27;: True, &#x27;actual_output&#x27;: None, &#x27;comment&#x27;: None, &#x27;result&#x27;: True}, {&#x27;name&#x27;: &#x27;test_is_aws_extension_installed_on_&#x27;, &#x27;description&#x27;: &#x27;Verify awslogs extension is installed and not erroring&#x27;, &#x27;show_cmd&#x27;: &#x27;show extensions&#x27;, &#x27;expected_output&#x27;: &#x27;installed&#x27;, &#x27;actual_output&#x27;: None, &#x27;comment&#x27;: None, &#x27;result&#x27;: True}]}]}<br/> ------------------------------Captured stdout call------------------------------ <br/>
On router |test_spine02| TerminAttr-1.6.1-1.swix extension is |installed|
<br/> -------------------------------Captured log call-------------------------------- <br/>[32mINFO    [0m root:tests_tools.py:389 Identify test case and return parameters
[32mINFO    [0m root:tests_tools.py:392 Return testcases for Test Suite: test_base_feature_checklist.py
[32mINFO    [0m root:tests_tools.py:394 Suite_parameters: [{&#x27;name&#x27;: &#x27;test_base_feature_checklist.py&#x27;, &#x27;testcases&#x27;: [{&#x27;name&#x27;: &#x27;test_is_terminattr_daemon_running_on_&#x27;, &#x27;description&#x27;: &#x27;Verify TerminAttr daemon is running&#x27;, &#x27;expected_output&#x27;: True, &#x27;actual_output&#x27;: None, &#x27;comment&#x27;: None, &#x27;result&#x27;: True}, {&#x27;name&#x27;: &#x27;test_is_daemon_enabled_on_&#x27;, &#x27;description&#x27;: &#x27;Verify TerminAttr daemon is enabled&#x27;, &#x27;expected_output&#x27;: True, &#x27;actual_output&#x27;: None, &#x27;comment&#x27;: None, &#x27;result&#x27;: True}, {&#x27;name&#x27;: &#x27;test_is_aws_extension_installed_on_&#x27;, &#x27;description&#x27;: &#x27;Verify awslogs extension is installed and not erroring&#x27;, &#x27;show_cmd&#x27;: &#x27;show extensions&#x27;, &#x27;expected_output&#x27;: &#x27;installed&#x27;, &#x27;actual_output&#x27;: None, &#x27;comment&#x27;: None, &#x27;result&#x27;: True}]}]
[32mINFO    [0m root:tests_tools.py:396 Return parameters for Test Case: test_is_aws_extension_installed_on_
[32mINFO    [0m root:tests_tools.py:398 Case_parameters: [{&#x27;name&#x27;: &#x27;test_is_aws_extension_installed_on_&#x27;, &#x27;description&#x27;: &#x27;Verify awslogs extension is installed and not erroring&#x27;, &#x27;show_cmd&#x27;: &#x27;show extensions&#x27;, &#x27;expected_output&#x27;: &#x27;installed&#x27;, &#x27;actual_output&#x27;: None, &#x27;comment&#x27;: None, &#x27;result&#x27;: True}]
[32mINFO    [0m root:test_base_feature_checklist.py:164 TEST is awslogs extension installed on |test_spine02|
[32mINFO    [0m root:test_base_feature_checklist.py:165 GIVEN expected awslog extension status: |installed|<br/></div></td></tr></tbody>
      <tbody class="passed results-table-row">
        <tr>
          <td class="col-result">Passed</td>
          <td class="col-name">test_base_feature_checklist.py::test_is_aws_extension_installed_on_[kgrozis_spine01]</td>
          <td class="col-duration">0.01</td>
          <td class="col-links"></td></tr>
        <tr>
          <td class="extra" colspan="4">
            <div class="log"> -------------------------------Captured log setup------------------------------- <br/>[32mINFO    [0m root:tests_tools.py:123 Opening tests_definitions.yaml for read
[32mINFO    [0m root:tests_tools.py:128 Inputed the following yaml: {&#x27;test_suites&#x27;: [{&#x27;name&#x27;: &#x27;test_base_feature_checklist.py&#x27;, &#x27;testcases&#x27;: [{&#x27;name&#x27;: &#x27;test_is_terminattr_daemon_running_on_&#x27;, &#x27;description&#x27;: &#x27;Verify TerminAttr daemon is running&#x27;, &#x27;expected_output&#x27;: True, &#x27;actual_output&#x27;: None, &#x27;comment&#x27;: None, &#x27;result&#x27;: True}, {&#x27;name&#x27;: &#x27;test_is_daemon_enabled_on_&#x27;, &#x27;description&#x27;: &#x27;Verify TerminAttr daemon is enabled&#x27;, &#x27;expected_output&#x27;: True, &#x27;actual_output&#x27;: None, &#x27;comment&#x27;: None, &#x27;result&#x27;: True}, {&#x27;name&#x27;: &#x27;test_is_aws_extension_installed_on_&#x27;, &#x27;description&#x27;: &#x27;Verify awslogs extension is installed and not erroring&#x27;, &#x27;show_cmd&#x27;: &#x27;show extensions&#x27;, &#x27;expected_output&#x27;: &#x27;installed&#x27;, &#x27;actual_output&#x27;: None, &#x27;comment&#x27;: None, &#x27;result&#x27;: True}]}]}<br/> ------------------------------Captured stdout call------------------------------ <br/>
On router |kgrozis_spine01| TerminAttr-1.6.1-1.swix extension is |installed|
<br/> -------------------------------Captured log call-------------------------------- <br/>[32mINFO    [0m root:tests_tools.py:389 Identify test case and return parameters
[32mINFO    [0m root:tests_tools.py:392 Return testcases for Test Suite: test_base_feature_checklist.py
[32mINFO    [0m root:tests_tools.py:394 Suite_parameters: [{&#x27;name&#x27;: &#x27;test_base_feature_checklist.py&#x27;, &#x27;testcases&#x27;: [{&#x27;name&#x27;: &#x27;test_is_terminattr_daemon_running_on_&#x27;, &#x27;description&#x27;: &#x27;Verify TerminAttr daemon is running&#x27;, &#x27;expected_output&#x27;: True, &#x27;actual_output&#x27;: None, &#x27;comment&#x27;: None, &#x27;result&#x27;: True}, {&#x27;name&#x27;: &#x27;test_is_daemon_enabled_on_&#x27;, &#x27;description&#x27;: &#x27;Verify TerminAttr daemon is enabled&#x27;, &#x27;expected_output&#x27;: True, &#x27;actual_output&#x27;: None, &#x27;comment&#x27;: None, &#x27;result&#x27;: True}, {&#x27;name&#x27;: &#x27;test_is_aws_extension_installed_on_&#x27;, &#x27;description&#x27;: &#x27;Verify awslogs extension is installed and not erroring&#x27;, &#x27;show_cmd&#x27;: &#x27;show extensions&#x27;, &#x27;expected_output&#x27;: &#x27;installed&#x27;, &#x27;actual_output&#x27;: None, &#x27;comment&#x27;: None, &#x27;result&#x27;: True}]}]
[32mINFO    [0m root:tests_tools.py:396 Return parameters for Test Case: test_is_aws_extension_installed_on_
[32mINFO    [0m root:tests_tools.py:398 Case_parameters: [{&#x27;name&#x27;: &#x27;test_is_aws_extension_installed_on_&#x27;, &#x27;description&#x27;: &#x27;Verify awslogs extension is installed and not erroring&#x27;, &#x27;show_cmd&#x27;: &#x27;show extensions&#x27;, &#x27;expected_output&#x27;: &#x27;installed&#x27;, &#x27;actual_output&#x27;: None, &#x27;comment&#x27;: None, &#x27;result&#x27;: True}]
[32mINFO    [0m root:test_base_feature_checklist.py:164 TEST is awslogs extension installed on |kgrozis_spine01|
[32mINFO    [0m root:test_base_feature_checklist.py:165 GIVEN expected awslog extension status: |installed|<br/></div></td></tr></tbody>
      <tbody class="passed results-table-row">
        <tr>
          <td class="col-result">Passed</td>
          <td class="col-name">test_base_feature_checklist.py::test_is_aws_extension_installed_on_[kgrozis_spine02]</td>
          <td class="col-duration">0.00</td>
          <td class="col-links"></td></tr>
        <tr>
          <td class="extra" colspan="4">
            <div class="log"> -------------------------------Captured log setup------------------------------- <br/>[32mINFO    [0m root:tests_tools.py:123 Opening tests_definitions.yaml for read
[32mINFO    [0m root:tests_tools.py:128 Inputed the following yaml: {&#x27;test_suites&#x27;: [{&#x27;name&#x27;: &#x27;test_base_feature_checklist.py&#x27;, &#x27;testcases&#x27;: [{&#x27;name&#x27;: &#x27;test_is_terminattr_daemon_running_on_&#x27;, &#x27;description&#x27;: &#x27;Verify TerminAttr daemon is running&#x27;, &#x27;expected_output&#x27;: True, &#x27;actual_output&#x27;: None, &#x27;comment&#x27;: None, &#x27;result&#x27;: True}, {&#x27;name&#x27;: &#x27;test_is_daemon_enabled_on_&#x27;, &#x27;description&#x27;: &#x27;Verify TerminAttr daemon is enabled&#x27;, &#x27;expected_output&#x27;: True, &#x27;actual_output&#x27;: None, &#x27;comment&#x27;: None, &#x27;result&#x27;: True}, {&#x27;name&#x27;: &#x27;test_is_aws_extension_installed_on_&#x27;, &#x27;description&#x27;: &#x27;Verify awslogs extension is installed and not erroring&#x27;, &#x27;show_cmd&#x27;: &#x27;show extensions&#x27;, &#x27;expected_output&#x27;: &#x27;installed&#x27;, &#x27;actual_output&#x27;: None, &#x27;comment&#x27;: None, &#x27;result&#x27;: True}]}]}<br/> ------------------------------Captured stdout call------------------------------ <br/>
On router |kgrozis_spine02| TerminAttr-1.6.1-1.swix extension is |installed|
<br/> -------------------------------Captured log call-------------------------------- <br/>[32mINFO    [0m root:tests_tools.py:389 Identify test case and return parameters
[32mINFO    [0m root:tests_tools.py:392 Return testcases for Test Suite: test_base_feature_checklist.py
[32mINFO    [0m root:tests_tools.py:394 Suite_parameters: [{&#x27;name&#x27;: &#x27;test_base_feature_checklist.py&#x27;, &#x27;testcases&#x27;: [{&#x27;name&#x27;: &#x27;test_is_terminattr_daemon_running_on_&#x27;, &#x27;description&#x27;: &#x27;Verify TerminAttr daemon is running&#x27;, &#x27;expected_output&#x27;: True, &#x27;actual_output&#x27;: None, &#x27;comment&#x27;: None, &#x27;result&#x27;: True}, {&#x27;name&#x27;: &#x27;test_is_daemon_enabled_on_&#x27;, &#x27;description&#x27;: &#x27;Verify TerminAttr daemon is enabled&#x27;, &#x27;expected_output&#x27;: True, &#x27;actual_output&#x27;: None, &#x27;comment&#x27;: None, &#x27;result&#x27;: True}, {&#x27;name&#x27;: &#x27;test_is_aws_extension_installed_on_&#x27;, &#x27;description&#x27;: &#x27;Verify awslogs extension is installed and not erroring&#x27;, &#x27;show_cmd&#x27;: &#x27;show extensions&#x27;, &#x27;expected_output&#x27;: &#x27;installed&#x27;, &#x27;actual_output&#x27;: None, &#x27;comment&#x27;: None, &#x27;result&#x27;: True}]}]
[32mINFO    [0m root:tests_tools.py:396 Return parameters for Test Case: test_is_aws_extension_installed_on_
[32mINFO    [0m root:tests_tools.py:398 Case_parameters: [{&#x27;name&#x27;: &#x27;test_is_aws_extension_installed_on_&#x27;, &#x27;description&#x27;: &#x27;Verify awslogs extension is installed and not erroring&#x27;, &#x27;show_cmd&#x27;: &#x27;show extensions&#x27;, &#x27;expected_output&#x27;: &#x27;installed&#x27;, &#x27;actual_output&#x27;: None, &#x27;comment&#x27;: None, &#x27;result&#x27;: True}]
[32mINFO    [0m root:test_base_feature_checklist.py:164 TEST is awslogs extension installed on |kgrozis_spine02|
[32mINFO    [0m root:test_base_feature_checklist.py:165 GIVEN expected awslog extension status: |installed|<br/></div></td></tr></tbody></table></body></html>