<?xml version="1.0" encoding="utf-8"?><testsuites><testsuite errors="0" failures="0" hostname="dac52f55405d" name="pytest" skipped="4" tests="69" time="13.078" timestamp="2020-08-25T19:19:57.450487"><testcase classname="test_base_feature_checklist.pytestTests" file="test_base_feature_checklist.py" line="57" name="test_assert_true" time="0.002"></testcase><testcase classname="test_base_feature_checklist.daemonTests" file="test_base_feature_checklist.py" line="184" name="test_if_daemons_are_enabled_on_[kg-topology-CloudEosRR1]" time="0.050"></testcase><testcase classname="test_base_feature_checklist.daemonTests" file="test_base_feature_checklist.py" line="147" name="test_if_daemons_are_running_on_[kg-topology-CloudEosRR1]" time="0.050"></testcase><testcase classname="test_base_feature_checklist.hostTests" file="test_base_feature_checklist.py" line="71" name="test_if_hostname_is_correcet_on_[kg-topology-CloudEosRR1]" time="0.067"></testcase><testcase classname="test_base_feature_checklist.filesystemTests" file="test_base_feature_checklist.py" line="108" name="test_if_files_on_[kg-topology-CloudEosRR1]" time="1.030"></testcase><testcase classname="test_base_feature_checklist.tacacsTests" file="test_base_feature_checklist.py" line="344" name="test_if_tacacs_is_sending_messages_on_[kg-topology-CloudEosRR1]" time="0.039"></testcase><testcase classname="test_base_feature_checklist.usersTests" file="test_base_feature_checklist.py" line="305" name="test_if_usernames_are_configured_on_[kg-topology-CloudEosRR1]" time="0.056"></testcase><testcase classname="test_base_feature_checklist.extensionsTests" file="test_base_feature_checklist.py" line="221" name="test_if_extensions_are_installed_on_[kg-topology-CloudEosRR1]" time="0.052"></testcase><testcase classname="test_base_feature_checklist.aaaTests" file="test_base_feature_checklist.py" line="523" name="test_if_commands_authorization_methods_set_on_[kg-topology-CloudEosRR1]" time="0.057"></testcase><testcase classname="test_base_feature_checklist.aaaTests" file="test_base_feature_checklist.py" line="486" name="test_if_aaa_session_logging_is_working_on_[kg-topology-CloudEosRR1]" time="0.063"></testcase><testcase classname="test_base_feature_checklist.tacacsTests" file="test_base_feature_checklist.py" line="390" name="test_show_if_tacacs_is_receiving_messages_on_[kg-topology-CloudEosRR1]" time="0.057"></testcase><testcase classname="test_base_feature_checklist.aaaTests" file="test_base_feature_checklist.py" line="661" name="test_if_dot1x_authentication_methods_set_on_[kg-topology-CloudEosRR1]" time="0.055"></testcase><testcase classname="test_base_feature_checklist.aaaTests" file="test_base_feature_checklist.py" line="622" name="test_if_login_authentication_methods_set_on_[kg-topology-CloudEosRR1]" time="0.052"></testcase><testcase classname="test_base_feature_checklist.aaaTests" file="test_base_feature_checklist.py" line="556" name="test_if_exec_authorization_methods_set_on_[kg-topology-CloudEosRR1]" time="0.052"></testcase><testcase classname="test_base_feature_checklist.aaaTests" file="test_base_feature_checklist.py" line="694" name="test_if_enable_authentication_methods_set_on_[kg-topology-CloudEosRR1]" time="0.049"></testcase><testcase classname="test_base_feature_checklist.daemonTests" file="test_base_feature_checklist.py" line="184" name="test_if_daemons_are_enabled_on_[kg-topology-CloudEosRR2]" time="0.056"></testcase><testcase classname="test_base_feature_checklist.tacacsTests" file="test_base_feature_checklist.py" line="344" name="test_if_tacacs_is_sending_messages_on_[kg-topology-CloudEosRR2]" time="0.056"></testcase><testcase classname="test_base_feature_checklist.hostTests" file="test_base_feature_checklist.py" line="71" name="test_if_hostname_is_correcet_on_[kg-topology-CloudEosRR2]" time="0.056"></testcase><testcase classname="test_base_feature_checklist.extensionsTests" file="test_base_feature_checklist.py" line="221" name="test_if_extensions_are_installed_on_[kg-topology-CloudEosRR2]" time="0.058"></testcase><testcase classname="test_base_feature_checklist.tacacsTests" file="test_base_feature_checklist.py" line="390" name="test_show_if_tacacs_is_receiving_messages_on_[kg-topology-CloudEosRR2]" time="0.054"></testcase><testcase classname="test_base_feature_checklist.aaaTests" file="test_base_feature_checklist.py" line="444" name="test_if_authentication_counters_are_incrementing_on_[kg-topology-CloudEosRR2]" time="0.001"><skipped message="No AAA setup on DUTs" type="pytest.skip">/project/vane/bin/test_base_feature_checklist.py:445: No AAA setup on DUTs</skipped></testcase><testcase classname="test_base_feature_checklist.filesystemTests" file="test_base_feature_checklist.py" line="108" name="test_if_files_on_[kg-topology-CloudEosRR2]" time="0.901"></testcase><testcase classname="test_base_feature_checklist.extensionsTests" file="test_base_feature_checklist.py" line="260" name="test_if_extensions_are_erroring_on_[kg-topology-CloudEosRR2]" time="0.057"></testcase><testcase classname="test_base_feature_checklist.aaaTests" file="test_base_feature_checklist.py" line="486" name="test_if_aaa_session_logging_is_working_on_[kg-topology-CloudEosRR2]" time="0.047"></testcase><testcase classname="test_base_feature_checklist.aaaTests" file="test_base_feature_checklist.py" line="523" name="test_if_commands_authorization_methods_set_on_[kg-topology-CloudEosRR2]" time="0.045"></testcase><testcase classname="test_base_feature_checklist.usersTests" file="test_base_feature_checklist.py" line="305" name="test_if_usernames_are_configured_on_[kg-topology-CloudEosRR2]" time="0.053"></testcase><testcase classname="test_base_feature_checklist.aaaTests" file="test_base_feature_checklist.py" line="556" name="test_if_exec_authorization_methods_set_on_[kg-topology-CloudEosRR2]" time="0.044"></testcase><testcase classname="test_base_feature_checklist.aaaTests" file="test_base_feature_checklist.py" line="661" name="test_if_dot1x_authentication_methods_set_on_[kg-topology-CloudEosRR2]" time="0.040"></testcase><testcase classname="test_base_feature_checklist.aaaTests" file="test_base_feature_checklist.py" line="694" name="test_if_enable_authentication_methods_set_on_[kg-topology-CloudEosRR2]" time="0.052"></testcase><testcase classname="test_base_feature_checklist.aaaTests" file="test_base_feature_checklist.py" line="589" name="test_if_default_login_authentication_methods_set_on_[kg-topology-CloudEosRR2]" time="0.053"></testcase><testcase classname="test_base_feature_checklist.hostTests" file="test_base_feature_checklist.py" line="71" name="test_if_hostname_is_correcet_on_[kgrozis-topology-CloudEOSEdge1]" time="0.045"></testcase><testcase classname="test_base_feature_checklist.aaaTests" file="test_base_feature_checklist.py" line="622" name="test_if_login_authentication_methods_set_on_[kg-topology-CloudEosRR2]" time="0.044"></testcase><testcase classname="test_base_feature_checklist.filesystemTests" file="test_base_feature_checklist.py" line="108" name="test_if_files_on_[kgrozis-topology-CloudEOSEdge1]" time="1.012"></testcase><testcase classname="test_base_feature_checklist.extensionsTests" file="test_base_feature_checklist.py" line="221" name="test_if_extensions_are_installed_on_[kgrozis-topology-CloudEOSEdge1]" time="0.043"></testcase><testcase classname="test_base_feature_checklist.extensionsTests" file="test_base_feature_checklist.py" line="260" name="test_if_extensions_are_erroring_on_[kgrozis-topology-CloudEOSEdge1]" time="0.039"></testcase><testcase classname="test_base_feature_checklist.usersTests" file="test_base_feature_checklist.py" line="305" name="test_if_usernames_are_configured_on_[kgrozis-topology-CloudEOSEdge1]" time="0.040"></testcase><testcase classname="test_base_feature_checklist.tacacsTests" file="test_base_feature_checklist.py" line="344" name="test_if_tacacs_is_sending_messages_on_[kgrozis-topology-CloudEOSEdge1]" time="0.039"></testcase><testcase classname="test_base_feature_checklist.tacacsTests" file="test_base_feature_checklist.py" line="390" name="test_show_if_tacacs_is_receiving_messages_on_[kgrozis-topology-CloudEOSEdge1]" time="0.034"></testcase><testcase classname="test_base_feature_checklist.aaaTests" file="test_base_feature_checklist.py" line="444" name="test_if_authentication_counters_are_incrementing_on_[kgrozis-topology-CloudEOSEdge1]" time="0.001"><skipped message="No AAA setup on DUTs" type="pytest.skip">/project/vane/bin/test_base_feature_checklist.py:445: No AAA setup on DUTs</skipped></testcase><testcase classname="test_base_feature_checklist.aaaTests" file="test_base_feature_checklist.py" line="486" name="test_if_aaa_session_logging_is_working_on_[kgrozis-topology-CloudEOSEdge1]" time="0.040"></testcase><testcase classname="test_base_feature_checklist.aaaTests" file="test_base_feature_checklist.py" line="523" name="test_if_commands_authorization_methods_set_on_[kgrozis-topology-CloudEOSEdge1]" time="0.041"></testcase><testcase classname="test_base_feature_checklist.aaaTests" file="test_base_feature_checklist.py" line="556" name="test_if_exec_authorization_methods_set_on_[kgrozis-topology-CloudEOSEdge1]" time="0.041"></testcase><testcase classname="test_base_feature_checklist.aaaTests" file="test_base_feature_checklist.py" line="589" name="test_if_default_login_authentication_methods_set_on_[kgrozis-topology-CloudEOSEdge1]" time="0.048"></testcase><testcase classname="test_base_feature_checklist.extensionsTests" file="test_base_feature_checklist.py" line="260" name="test_if_extensions_are_erroring_on_[kg-topology-CloudEosRR1]" time="0.052"></testcase><testcase classname="test_base_feature_checklist.aaaTests" file="test_base_feature_checklist.py" line="622" name="test_if_login_authentication_methods_set_on_[kgrozis-topology-CloudEOSEdge1]" time="0.055"></testcase><testcase classname="test_base_feature_checklist.aaaTests" file="test_base_feature_checklist.py" line="444" name="test_if_authentication_counters_are_incrementing_on_[kg-topology-CloudEosRR1]" time="0.001"><skipped message="No AAA setup on DUTs" type="pytest.skip">/project/vane/bin/test_base_feature_checklist.py:445: No AAA setup on DUTs</skipped></testcase><testcase classname="test_base_feature_checklist.aaaTests" file="test_base_feature_checklist.py" line="589" name="test_if_default_login_authentication_methods_set_on_[kg-topology-CloudEosRR1]" time="0.048"></testcase><testcase classname="test_base_feature_checklist.aaaTests" file="test_base_feature_checklist.py" line="661" name="test_if_dot1x_authentication_methods_set_on_[kgrozis-topology-CloudEOSEdge1]" time="0.048"></testcase><testcase classname="test_base_feature_checklist.aaaTests" file="test_base_feature_checklist.py" line="694" name="test_if_enable_authentication_methods_set_on_[kgrozis-topology-CloudEOSEdge1]" time="0.046"></testcase><testcase classname="test_base_feature_checklist.hostTests" file="test_base_feature_checklist.py" line="71" name="test_if_hostname_is_correcet_on_[kgrozis-topology-CloudEOSEdge2]" time="0.048"></testcase><testcase classname="test_base_feature_checklist.filesystemTests" file="test_base_feature_checklist.py" line="108" name="test_if_files_on_[kgrozis-topology-CloudEOSEdge2]" time="1.161"></testcase><testcase classname="test_base_feature_checklist.daemonTests" file="test_base_feature_checklist.py" line="147" name="test_if_daemons_are_running_on_[kgrozis-topology-CloudEOSEdge2]" time="0.058"></testcase><testcase classname="test_base_feature_checklist.daemonTests" file="test_base_feature_checklist.py" line="147" name="test_if_daemons_are_running_on_[kg-topology-CloudEosRR2]" time="0.060"></testcase><testcase classname="test_base_feature_checklist.extensionsTests" file="test_base_feature_checklist.py" line="221" name="test_if_extensions_are_installed_on_[kgrozis-topology-CloudEOSEdge2]" time="0.068"></testcase><testcase classname="test_base_feature_checklist.extensionsTests" file="test_base_feature_checklist.py" line="260" name="test_if_extensions_are_erroring_on_[kgrozis-topology-CloudEOSEdge2]" time="0.057"></testcase><testcase classname="test_base_feature_checklist.usersTests" file="test_base_feature_checklist.py" line="305" name="test_if_usernames_are_configured_on_[kgrozis-topology-CloudEOSEdge2]" time="0.065"></testcase><testcase classname="test_base_feature_checklist.tacacsTests" file="test_base_feature_checklist.py" line="344" name="test_if_tacacs_is_sending_messages_on_[kgrozis-topology-CloudEOSEdge2]" time="0.050"></testcase><testcase classname="test_base_feature_checklist.aaaTests" file="test_base_feature_checklist.py" line="444" name="test_if_authentication_counters_are_incrementing_on_[kgrozis-topology-CloudEOSEdge2]" time="0.001"><skipped message="No AAA setup on DUTs" type="pytest.skip">/project/vane/bin/test_base_feature_checklist.py:445: No AAA setup on DUTs</skipped></testcase><testcase classname="test_base_feature_checklist.tacacsTests" file="test_base_feature_checklist.py" line="390" name="test_show_if_tacacs_is_receiving_messages_on_[kgrozis-topology-CloudEOSEdge2]" time="0.044"></testcase><testcase classname="test_base_feature_checklist.aaaTests" file="test_base_feature_checklist.py" line="486" name="test_if_aaa_session_logging_is_working_on_[kgrozis-topology-CloudEOSEdge2]" time="0.044"></testcase><testcase classname="test_base_feature_checklist.aaaTests" file="test_base_feature_checklist.py" line="523" name="test_if_commands_authorization_methods_set_on_[kgrozis-topology-CloudEOSEdge2]" time="0.050"></testcase><testcase classname="test_base_feature_checklist.aaaTests" file="test_base_feature_checklist.py" line="556" name="test_if_exec_authorization_methods_set_on_[kgrozis-topology-CloudEOSEdge2]" time="0.044"></testcase><testcase classname="test_base_feature_checklist.aaaTests" file="test_base_feature_checklist.py" line="622" name="test_if_login_authentication_methods_set_on_[kgrozis-topology-CloudEOSEdge2]" time="0.040"></testcase><testcase classname="test_base_feature_checklist.aaaTests" file="test_base_feature_checklist.py" line="589" name="test_if_default_login_authentication_methods_set_on_[kgrozis-topology-CloudEOSEdge2]" time="0.043"></testcase><testcase classname="test_base_feature_checklist.aaaTests" file="test_base_feature_checklist.py" line="694" name="test_if_enable_authentication_methods_set_on_[kgrozis-topology-CloudEOSEdge2]" time="0.057"></testcase><testcase classname="test_base_feature_checklist.aaaTests" file="test_base_feature_checklist.py" line="661" name="test_if_dot1x_authentication_methods_set_on_[kgrozis-topology-CloudEOSEdge2]" time="0.058"></testcase><testcase classname="test_base_feature_checklist.daemonTests" file="test_base_feature_checklist.py" line="147" name="test_if_daemons_are_running_on_[kgrozis-topology-CloudEOSEdge1]" time="0.049"></testcase><testcase classname="test_base_feature_checklist.daemonTests" file="test_base_feature_checklist.py" line="184" name="test_if_daemons_are_enabled_on_[kgrozis-topology-CloudEOSEdge1]" time="0.037"></testcase><testcase classname="test_base_feature_checklist.daemonTests" file="test_base_feature_checklist.py" line="184" name="test_if_daemons_are_enabled_on_[kgrozis-topology-CloudEOSEdge2]" time="0.043"></testcase></testsuite></testsuites>