<?xml version="1.0" encoding="utf-8"?><testsuites><testsuite errors="0" failures="0" hostname="945b2095b24c" name="pytest" skipped="16" tests="177" time="21.661" timestamp="2020-09-04T00:15:51.309150"><testcase classname="tests.aaa.test_base_feature_checklist.AAATests" name="test_if_authentication_counters_are_incrementing_on_[kg-topology-CloudEosRR1]" time="0.001"><skipped message="No AAA setup on DUTs" type="pytest.skip">/project/vane/bin/tests/aaa/test_base_feature_checklist.py:51: No AAA setup on DUTs</skipped></testcase><testcase classname="tests.test_pytest.PyTestTests" name="test_assert_true" time="0.007"></testcase><testcase classname="tests.aaa.test_base_feature_checklist.AAATests" name="test_if_commands_authorization_methods_set_on_[kg-topology-CloudEosRR1]" time="0.102"></testcase><testcase classname="tests.aaa.test_base_feature_checklist.AAATests" name="test_if_aaa_session_logging_is_working_on_[kg-topology-CloudEosRR1]" time="0.104"></testcase><testcase classname="tests.aaa.test_base_feature_checklist.AAATests" name="test_if_default_login_authentication_methods_set_on_[kg-topology-CloudEosRR1]" time="0.108"></testcase><testcase classname="tests.aaa.test_base_feature_checklist.AAATests" name="test_if_exec_authorization_methods_set_on_[kg-topology-CloudEosRR1]" time="0.101"></testcase><testcase classname="tests.aaa.test_base_feature_checklist.AAATests" name="test_if_login_authentication_methods_set_on_[kg-topology-CloudEosRR1]" time="0.085"></testcase><testcase classname="tests.aaa.test_base_feature_checklist.AAATests" name="test_if_dot1x_authentication_methods_set_on_[kg-topology-CloudEosRR1]" time="0.088"></testcase><testcase classname="tests.aaa.test_base_feature_checklist.AAATests" name="test_if_system_accounting_methods_set_on_[kg-topology-CloudEosRR1]" time="0.088"></testcase><testcase classname="tests.aaa.test_base_feature_checklist.AAATests" name="test_if_enable_authentication_methods_set_on_[kg-topology-CloudEosRR1]" time="0.097"></testcase><testcase classname="tests.aaa.test_base_feature_checklist.AAATests" name="test_if_exec_accounting_methods_set_on_[kg-topology-CloudEosRR1]" time="0.101"></testcase><testcase classname="tests.aaa.test_base_feature_checklist.AAATests" name="test_if_priviledge_accounting_methods_set_on_[kg-topology-CloudEosRR1]" time="0.109"></testcase><testcase classname="tests.api.test_base_feature_checklist.APITests" name="test_if_management_https_api_server_is_running_on_[kg-topology-CloudEosRR1]" time="0.114"></testcase><testcase classname="tests.aaa.test_base_feature_checklist.AAATests" name="test_if_dot1x_accounting_methods_set_on_[kg-topology-CloudEosRR1]" time="0.117"></testcase><testcase classname="tests.api.test_base_feature_checklist.APITests" name="test_if_management_https_api_server_port_is_correct_on_[kg-topology-CloudEosRR1]" time="0.122"></testcase><testcase classname="tests.api.test_base_feature_checklist.APITests" name="test_if_management_https_api_server_is_enabled_on_[kg-topology-CloudEosRR1]" time="0.122"></testcase><testcase classname="tests.api.test_base_feature_checklist.APITests" name="test_if_management_local_http_api_server_is_running_on_[kg-topology-CloudEosRR1]" time="0.111"></testcase><testcase classname="tests.api.test_base_feature_checklist.APITests" name="test_if_management_http_api_server_is_running_on_[kg-topology-CloudEosRR1]" time="0.116"></testcase><testcase classname="tests.cpu.test_dut_platform_status.CPUTests" name="test_1_sec_cpu_utlization_on_[kg-topology-CloudEosRR1]" time="0.110"></testcase><testcase classname="tests.cpu.test_dut_platform_status.CPUTests" name="test_1_min_cpu_utlization_on_[kg-topology-CloudEosRR1]" time="0.130"></testcase><testcase classname="tests.daemon.test_base_feature_checklist.DaemonTests" name="test_if_daemons_are_running_on_[kg-topology-CloudEosRR1]" time="0.123"></testcase><testcase classname="tests.cpu.test_dut_platform_status.CPUTests" name="test_5_min_cpu_utlization_on_[kg-topology-CloudEosRR1]" time="0.118"></testcase><testcase classname="tests.environment.test_dut_platform_status.EnvironmentTests" name="test_if_system_environment_power_are_in_spec_on_[kg-topology-CloudEosRR1]" time="0.001"><skipped message="CloudEOS doesnt have power supplies" type="pytest.skip">/project/vane/bin/tests/environment/test_dut_platform_status.py:110: CloudEOS doesnt have power supplies</skipped></testcase><testcase classname="tests.environment.test_dut_platform_status.EnvironmentTests" name="test_if_system_environment_temp_are_in_spec_on_[kg-topology-CloudEosRR1]" time="0.001"><skipped message="CloudEOS doesnt have temp sensors" type="pytest.skip">/project/vane/bin/tests/environment/test_dut_platform_status.py:51: CloudEOS doesnt have temp sensors</skipped></testcase><testcase classname="tests.daemon.test_base_feature_checklist.DaemonTests" name="test_if_daemons_are_enabled_on_[kg-topology-CloudEosRR1]" time="0.123"></testcase><testcase classname="tests.environment.test_dut_platform_status.EnvironmentTests" name="test_if_system_environment_cooling_is_in_spec_on_[kg-topology-CloudEosRR1]" time="0.001"><skipped message="CloudEOS doesnt have cooling" type="pytest.skip">/project/vane/bin/tests/environment/test_dut_platform_status.py:154: CloudEOS doesnt have cooling</skipped></testcase><testcase classname="tests.dns.test_base_feature_checklist.DNSTests" name="test_if_dns_resolves_on_[kg-topology-CloudEosRR1]" time="1.252"></testcase><testcase classname="tests.filesystem.test_base_feature_checklist.FileSystemTests" name="test_if_files_on_[kg-topology-CloudEosRR1]" time="0.934"></testcase><testcase classname="tests.extension.test_base_feature_checklist.ExtensionsTests" name="test_if_extensions_are_erroring_on_[kg-topology-CloudEosRR1]" time="0.132"></testcase><testcase classname="tests.host.test_dut_platform_status.HostTests" name="test_if_hostname_is_correcet_on_[kg-topology-CloudEosRR1]" time="0.101"></testcase><testcase classname="tests.interface.test_interfaces_baseline_health.InterfaceStatusTests" name="test_if_intf_link_status_is_connected_on_[kg-topology-CloudEosRR1]" time="0.094"></testcase><testcase classname="tests.logging.test_base_feature_checklist.LoggingTests" name="test_if_log_messages_appear_on_[kg-topology-CloudEosRR1]" time="0.084"></testcase><testcase classname="tests.memory.test_dut_platform_status.MemoryTests" name="test_memory_utilization_on_[kg-topology-CloudEosRR1]" time="0.101"></testcase><testcase classname="tests.ntp.test_base_feature_checklist.NTPTests" name="test_if_ntp_associated_with_peers_on_[kg-topology-CloudEosRR1]" time="0.086"></testcase><testcase classname="tests.tacacs.test_base_feature_checklist.TacacsTests" name="test_if_tacacs_is_sending_messages_on_[kg-topology-CloudEosRR1]" time="0.100"></testcase><testcase classname="tests.users.test_base_feature_checklist.UsersTests" name="test_if_usernames_are_configured_on_[kg-topology-CloudEosRR1]" time="0.114"></testcase><testcase classname="tests.aaa.test_base_feature_checklist.AAATests" name="test_if_dot1x_accounting_methods_set_on_[kg-topology-CloudEosRR2]" time="0.115"></testcase><testcase classname="tests.dns.test_base_feature_checklist.DNSTests" name="test_if_dns_resolves_on_[kg-topology-CloudEosRR2]" time="1.309"></testcase><testcase classname="tests.api.test_base_feature_checklist.APITests" name="test_if_management_https_api_server_is_running_on_[kg-topology-CloudEosRR2]" time="0.097"></testcase><testcase classname="tests.api.test_base_feature_checklist.APITests" name="test_if_management_https_api_server_port_is_correct_on_[kg-topology-CloudEosRR2]" time="0.080"></testcase><testcase classname="tests.api.test_base_feature_checklist.APITests" name="test_if_management_https_api_server_is_enabled_on_[kg-topology-CloudEosRR2]" time="0.078"></testcase><testcase classname="tests.api.test_base_feature_checklist.APITests" name="test_if_management_http_api_server_is_running_on_[kg-topology-CloudEosRR2]" time="0.086"></testcase><testcase classname="tests.interface.test_interfaces_baseline_health.InterfacePhyTests" name="test_if_intf_phy_status_connected_on_[kg-topology-CloudEosRR1]" time="0.120"></testcase><testcase classname="tests.api.test_base_feature_checklist.APITests" name="test_if_management_local_http_api_server_is_running_on_[kg-topology-CloudEosRR2]" time="0.086"></testcase><testcase classname="tests.cpu.test_dut_platform_status.CPUTests" name="test_1_sec_cpu_utlization_on_[kg-topology-CloudEosRR2]" time="0.087"></testcase><testcase classname="tests.ntp.test_base_feature_checklist.NTPTests" name="test_if_ntp_is_synchronized_on_[kg-topology-CloudEosRR1]" time="0.094"></testcase><testcase classname="tests.cpu.test_dut_platform_status.CPUTests" name="test_1_min_cpu_utlization_on_[kg-topology-CloudEosRR2]" time="0.103"></testcase><testcase classname="tests.tacacs.test_base_feature_checklist.TacacsTests" name="test_if_tacacs_is_receiving_messages_on_[kg-topology-CloudEosRR1]" time="0.120"></testcase><testcase classname="tests.extension.test_base_feature_checklist.ExtensionsTests" name="test_if_extensions_are_installed_on_[kg-topology-CloudEosRR1]" time="0.144"></testcase><testcase classname="tests.cpu.test_dut_platform_status.CPUTests" name="test_5_min_cpu_utlization_on_[kg-topology-CloudEosRR2]" time="0.140"></testcase><testcase classname="tests.ztp.test_base_feature_checklist.ZTPTests" name="test_for_zerotouch_config_file_on_[kg-topology-CloudEosRR1]" time="0.105"></testcase><testcase classname="tests.aaa.test_base_feature_checklist.AAATests" name="test_if_authentication_counters_are_incrementing_on_[kg-topology-CloudEosRR2]" time="0.001"><skipped message="No AAA setup on DUTs" type="pytest.skip">/project/vane/bin/tests/aaa/test_base_feature_checklist.py:51: No AAA setup on DUTs</skipped></testcase><testcase classname="tests.daemon.test_base_feature_checklist.DaemonTests" name="test_if_daemons_are_running_on_[kg-topology-CloudEosRR2]" time="0.115"></testcase><testcase classname="tests.interface.test_interfaces_baseline_health.InterfaceStatusTests" name="test_if_intf_protocol_status_is_connected_on_[kg-topology-CloudEosRR1]" time="0.162"></testcase><testcase classname="tests.aaa.test_base_feature_checklist.AAATests" name="test_if_aaa_session_logging_is_working_on_[kg-topology-CloudEosRR2]" time="0.095"></testcase><testcase classname="tests.daemon.test_base_feature_checklist.DaemonTests" name="test_if_daemons_are_enabled_on_[kg-topology-CloudEosRR2]" time="0.126"></testcase><testcase classname="tests.aaa.test_base_feature_checklist.AAATests" name="test_if_commands_authorization_methods_set_on_[kg-topology-CloudEosRR2]" time="0.123"></testcase><testcase classname="tests.logging.test_dut_platform_status.LoggingTests" name="test_if_log_messages_appear_on_[kg-topology-CloudEosRR1]" time="0.118"></testcase><testcase classname="tests.interface.test_interfaces_baseline_health.InterfaceStatusTests" name="test_if_intf_link_status_is_connected_on_[kg-topology-CloudEosRR2]" time="0.155"></testcase><testcase classname="tests.aaa.test_base_feature_checklist.AAATests" name="test_if_exec_authorization_methods_set_on_[kg-topology-CloudEosRR2]" time="0.119"></testcase><testcase classname="tests.ntp.test_base_feature_checklist.NTPTests" name="test_if_process_is_running_on_[kg-topology-CloudEosRR1]" time="0.134"></testcase><testcase classname="tests.environment.test_dut_platform_status.EnvironmentTests" name="test_if_system_environment_temp_are_in_spec_on_[kg-topology-CloudEosRR2]" time="0.002"><skipped message="CloudEOS doesnt have temp sensors" type="pytest.skip">/project/vane/bin/tests/environment/test_dut_platform_status.py:51: CloudEOS doesnt have temp sensors</skipped></testcase><testcase classname="tests.environment.test_dut_platform_status.EnvironmentTests" name="test_if_system_environment_power_are_in_spec_on_[kg-topology-CloudEosRR2]" time="0.002"><skipped message="CloudEOS doesnt have power supplies" type="pytest.skip">/project/vane/bin/tests/environment/test_dut_platform_status.py:110: CloudEOS doesnt have power supplies</skipped></testcase><testcase classname="tests.environment.test_dut_platform_status.EnvironmentTests" name="test_if_system_environment_cooling_is_in_spec_on_[kg-topology-CloudEosRR2]" time="0.005"><skipped message="CloudEOS doesnt have cooling" type="pytest.skip">/project/vane/bin/tests/environment/test_dut_platform_status.py:154: CloudEOS doesnt have cooling</skipped></testcase><testcase classname="tests.aaa.test_base_feature_checklist.AAATests" name="test_if_default_login_authentication_methods_set_on_[kg-topology-CloudEosRR2]" time="0.140"></testcase><testcase classname="tests.interface.test_interfaces_baseline_health.InterfacePhyTests" name="test_if_intf_phy_status_connected_on_[kg-topology-CloudEosRR2]" time="0.173"></testcase><testcase classname="tests.ztp.test_base_feature_checklist.ZTPTests" name="test_if_zerotouch_is_disabled_on_[kg-topology-CloudEosRR1]" time="0.147"></testcase><testcase classname="tests.extension.test_base_feature_checklist.ExtensionsTests" name="test_if_extensions_are_installed_on_[kg-topology-CloudEosRR2]" time="0.133"></testcase><testcase classname="tests.aaa.test_base_feature_checklist.AAATests" name="test_if_login_authentication_methods_set_on_[kg-topology-CloudEosRR2]" time="0.113"></testcase><testcase classname="tests.ntp.test_base_feature_checklist.NTPTests" name="test_if_process_is_running_on_[kg-topology-CloudEosRR2]" time="0.122"></testcase><testcase classname="tests.logging.test_base_feature_checklist.LoggingTests" name="test_if_log_messages_appear_on_[kg-topology-CloudEosRR2]" time="0.130"></testcase><testcase classname="tests.extension.test_base_feature_checklist.ExtensionsTests" name="test_if_extensions_are_erroring_on_[kg-topology-CloudEosRR2]" time="0.115"></testcase><testcase classname="tests.aaa.test_base_feature_checklist.AAATests" name="test_if_dot1x_authentication_methods_set_on_[kg-topology-CloudEosRR2]" time="0.114"></testcase><testcase classname="tests.tacacs.test_base_feature_checklist.TacacsTests" name="test_if_tacacs_is_sending_messages_on_[kg-topology-CloudEosRR2]" time="0.117"></testcase><testcase classname="tests.logging.test_dut_platform_status.LoggingTests" name="test_if_log_messages_appear_on_[kg-topology-CloudEosRR2]" time="0.137"></testcase><testcase classname="tests.filesystem.test_base_feature_checklist.FileSystemTests" name="test_if_files_on_[kg-topology-CloudEosRR2]" time="0.901"></testcase><testcase classname="tests.aaa.test_base_feature_checklist.AAATests" name="test_if_enable_authentication_methods_set_on_[kg-topology-CloudEosRR2]" time="0.139"></testcase><testcase classname="tests.tacacs.test_base_feature_checklist.TacacsTests" name="test_if_tacacs_is_receiving_messages_on_[kg-topology-CloudEosRR2]" time="0.097"></testcase><testcase classname="tests.memory.test_dut_platform_status.MemoryTests" name="test_memory_utilization_on_[kg-topology-CloudEosRR2]" time="0.139"></testcase><testcase classname="tests.aaa.test_base_feature_checklist.AAATests" name="test_if_system_accounting_methods_set_on_[kg-topology-CloudEosRR2]" time="0.112"></testcase><testcase classname="tests.users.test_base_feature_checklist.UsersTests" name="test_if_usernames_are_configured_on_[kg-topology-CloudEosRR2]" time="0.125"></testcase><testcase classname="tests.ntp.test_base_feature_checklist.NTPTests" name="test_if_ntp_is_synchronized_on_[kg-topology-CloudEosRR2]" time="0.128"></testcase><testcase classname="tests.aaa.test_base_feature_checklist.AAATests" name="test_if_exec_accounting_methods_set_on_[kg-topology-CloudEosRR2]" time="0.118"></testcase><testcase classname="tests.ztp.test_base_feature_checklist.ZTPTests" name="test_if_zerotouch_is_disabled_on_[kg-topology-CloudEosRR2]" time="0.107"></testcase><testcase classname="tests.ntp.test_base_feature_checklist.NTPTests" name="test_if_ntp_associated_with_peers_on_[kg-topology-CloudEosRR2]" time="0.101"></testcase><testcase classname="tests.aaa.test_base_feature_checklist.AAATests" name="test_if_priviledge_accounting_methods_set_on_[kg-topology-CloudEosRR2]" time="0.103"></testcase><testcase classname="tests.ztp.test_base_feature_checklist.ZTPTests" name="test_for_zerotouch_config_file_on_[kg-topology-CloudEosRR2]" time="0.102"></testcase><testcase classname="tests.aaa.test_base_feature_checklist.AAATests" name="test_if_authentication_counters_are_incrementing_on_[kg-topology-CloudEOSEdge1]" time="0.001"><skipped message="No AAA setup on DUTs" type="pytest.skip">/project/vane/bin/tests/aaa/test_base_feature_checklist.py:51: No AAA setup on DUTs</skipped></testcase><testcase classname="tests.aaa.test_base_feature_checklist.AAATests" name="test_if_default_login_authentication_methods_set_on_[kg-topology-CloudEOSEdge1]" time="0.116"></testcase><testcase classname="tests.api.test_base_feature_checklist.APITests" name="test_if_management_https_api_server_port_is_correct_on_[kg-topology-CloudEOSEdge1]" time="0.126"></testcase><testcase classname="tests.aaa.test_base_feature_checklist.AAATests" name="test_if_aaa_session_logging_is_working_on_[kg-topology-CloudEOSEdge1]" time="0.137"></testcase><testcase classname="tests.aaa.test_base_feature_checklist.AAATests" name="test_if_login_authentication_methods_set_on_[kg-topology-CloudEOSEdge1]" time="0.111"></testcase><testcase classname="tests.api.test_base_feature_checklist.APITests" name="test_if_management_https_api_server_is_enabled_on_[kg-topology-CloudEOSEdge1]" time="0.113"></testcase><testcase classname="tests.aaa.test_base_feature_checklist.AAATests" name="test_if_commands_authorization_methods_set_on_[kg-topology-CloudEOSEdge1]" time="0.118"></testcase><testcase classname="tests.aaa.test_base_feature_checklist.AAATests" name="test_if_dot1x_authentication_methods_set_on_[kg-topology-CloudEOSEdge1]" time="0.119"></testcase><testcase classname="tests.api.test_base_feature_checklist.APITests" name="test_if_management_http_api_server_is_running_on_[kg-topology-CloudEOSEdge1]" time="0.124"></testcase><testcase classname="tests.aaa.test_base_feature_checklist.AAATests" name="test_if_exec_authorization_methods_set_on_[kg-topology-CloudEOSEdge1]" time="0.116"></testcase><testcase classname="tests.aaa.test_base_feature_checklist.AAATests" name="test_if_enable_authentication_methods_set_on_[kg-topology-CloudEOSEdge1]" time="0.108"></testcase><testcase classname="tests.host.test_dut_platform_status.HostTests" name="test_if_hostname_is_correcet_on_[kg-topology-CloudEosRR2]" time="0.112"></testcase><testcase classname="tests.api.test_base_feature_checklist.APITests" name="test_if_management_local_http_api_server_is_running_on_[kg-topology-CloudEOSEdge1]" time="0.109"></testcase><testcase classname="tests.daemon.test_base_feature_checklist.DaemonTests" name="test_if_daemons_are_enabled_on_[kg-topology-CloudEOSEdge1]" time="0.121"></testcase><testcase classname="tests.aaa.test_base_feature_checklist.AAATests" name="test_if_system_accounting_methods_set_on_[kg-topology-CloudEOSEdge1]" time="0.120"></testcase><testcase classname="tests.interface.test_interfaces_baseline_health.InterfaceStatusTests" name="test_if_intf_protocol_status_is_connected_on_[kg-topology-CloudEosRR2]" time="0.186"></testcase><testcase classname="tests.cpu.test_dut_platform_status.CPUTests" name="test_1_sec_cpu_utlization_on_[kg-topology-CloudEOSEdge1]" time="0.132"></testcase><testcase classname="tests.dns.test_base_feature_checklist.DNSTests" name="test_if_dns_resolves_on_[kg-topology-CloudEOSEdge1]" time="1.232"></testcase><testcase classname="tests.aaa.test_base_feature_checklist.AAATests" name="test_if_exec_accounting_methods_set_on_[kg-topology-CloudEOSEdge1]" time="0.109"></testcase><testcase classname="tests.cpu.test_dut_platform_status.CPUTests" name="test_1_min_cpu_utlization_on_[kg-topology-CloudEOSEdge1]" time="0.109"></testcase><testcase classname="tests.extension.test_base_feature_checklist.ExtensionsTests" name="test_if_extensions_are_installed_on_[kg-topology-CloudEOSEdge1]" time="0.136"></testcase><testcase classname="tests.aaa.test_base_feature_checklist.AAATests" name="test_if_priviledge_accounting_methods_set_on_[kg-topology-CloudEOSEdge1]" time="0.114"></testcase><testcase classname="tests.cpu.test_dut_platform_status.CPUTests" name="test_5_min_cpu_utlization_on_[kg-topology-CloudEOSEdge1]" time="0.108"></testcase><testcase classname="tests.extension.test_base_feature_checklist.ExtensionsTests" name="test_if_extensions_are_erroring_on_[kg-topology-CloudEOSEdge1]" time="0.120"></testcase><testcase classname="tests.aaa.test_base_feature_checklist.AAATests" name="test_if_dot1x_accounting_methods_set_on_[kg-topology-CloudEOSEdge1]" time="0.129"></testcase><testcase classname="tests.daemon.test_base_feature_checklist.DaemonTests" name="test_if_daemons_are_running_on_[kg-topology-CloudEOSEdge1]" time="0.122"></testcase><testcase classname="tests.filesystem.test_base_feature_checklist.FileSystemTests" name="test_if_files_on_[kg-topology-CloudEOSEdge1]" time="0.881"></testcase><testcase classname="tests.api.test_base_feature_checklist.APITests" name="test_if_management_https_api_server_is_running_on_[kg-topology-CloudEOSEdge1]" time="0.115"></testcase><testcase classname="tests.interface.test_interfaces_baseline_health.InterfacePhyTests" name="test_if_intf_phy_status_connected_on_[kg-topology-CloudEOSEdge1]" time="0.134"></testcase><testcase classname="tests.ntp.test_base_feature_checklist.NTPTests" name="test_if_process_is_running_on_[kg-topology-CloudEOSEdge1]" time="0.088"></testcase><testcase classname="tests.logging.test_base_feature_checklist.LoggingTests" name="test_if_log_messages_appear_on_[kg-topology-CloudEOSEdge1]" time="0.099"></testcase><testcase classname="tests.tacacs.test_base_feature_checklist.TacacsTests" name="test_if_tacacs_is_sending_messages_on_[kg-topology-CloudEOSEdge1]" time="0.103"></testcase><testcase classname="tests.logging.test_dut_platform_status.LoggingTests" name="test_if_log_messages_appear_on_[kg-topology-CloudEOSEdge1]" time="0.099"></testcase><testcase classname="tests.tacacs.test_base_feature_checklist.TacacsTests" name="test_if_tacacs_is_receiving_messages_on_[kg-topology-CloudEOSEdge1]" time="0.089"></testcase><testcase classname="tests.memory.test_dut_platform_status.MemoryTests" name="test_memory_utilization_on_[kg-topology-CloudEOSEdge1]" time="0.126"></testcase><testcase classname="tests.users.test_base_feature_checklist.UsersTests" name="test_if_usernames_are_configured_on_[kg-topology-CloudEOSEdge1]" time="0.091"></testcase><testcase classname="tests.ntp.test_base_feature_checklist.NTPTests" name="test_if_ntp_is_synchronized_on_[kg-topology-CloudEOSEdge1]" time="0.088"></testcase><testcase classname="tests.ztp.test_base_feature_checklist.ZTPTests" name="test_if_zerotouch_is_disabled_on_[kg-topology-CloudEOSEdge1]" time="0.103"></testcase><testcase classname="tests.ntp.test_base_feature_checklist.NTPTests" name="test_if_ntp_associated_with_peers_on_[kg-topology-CloudEOSEdge1]" time="0.102"></testcase><testcase classname="tests.ztp.test_base_feature_checklist.ZTPTests" name="test_for_zerotouch_config_file_on_[kg-topology-CloudEOSEdge1]" time="0.094"></testcase><testcase classname="tests.aaa.test_base_feature_checklist.AAATests" name="test_if_authentication_counters_are_incrementing_on_[kg-topology-CloudEOSEdge2]" time="0.001"><skipped message="No AAA setup on DUTs" type="pytest.skip">/project/vane/bin/tests/aaa/test_base_feature_checklist.py:51: No AAA setup on DUTs</skipped></testcase><testcase classname="tests.aaa.test_base_feature_checklist.AAATests" name="test_if_exec_authorization_methods_set_on_[kg-topology-CloudEOSEdge2]" time="0.089"></testcase><testcase classname="tests.environment.test_dut_platform_status.EnvironmentTests" name="test_if_system_environment_temp_are_in_spec_on_[kg-topology-CloudEOSEdge1]" time="0.001"><skipped message="CloudEOS doesnt have temp sensors" type="pytest.skip">/project/vane/bin/tests/environment/test_dut_platform_status.py:51: CloudEOS doesnt have temp sensors</skipped></testcase><testcase classname="tests.environment.test_dut_platform_status.EnvironmentTests" name="test_if_system_environment_power_are_in_spec_on_[kg-topology-CloudEOSEdge1]" time="0.001"><skipped message="CloudEOS doesnt have power supplies" type="pytest.skip">/project/vane/bin/tests/environment/test_dut_platform_status.py:110: CloudEOS doesnt have power supplies</skipped></testcase><testcase classname="tests.environment.test_dut_platform_status.EnvironmentTests" name="test_if_system_environment_cooling_is_in_spec_on_[kg-topology-CloudEOSEdge1]" time="0.001"><skipped message="CloudEOS doesnt have cooling" type="pytest.skip">/project/vane/bin/tests/environment/test_dut_platform_status.py:154: CloudEOS doesnt have cooling</skipped></testcase><testcase classname="tests.aaa.test_base_feature_checklist.AAATests" name="test_if_aaa_session_logging_is_working_on_[kg-topology-CloudEOSEdge2]" time="0.129"></testcase><testcase classname="tests.aaa.test_base_feature_checklist.AAATests" name="test_if_default_login_authentication_methods_set_on_[kg-topology-CloudEOSEdge2]" time="0.120"></testcase><testcase classname="tests.host.test_dut_platform_status.HostTests" name="test_if_hostname_is_correcet_on_[kg-topology-CloudEOSEdge1]" time="0.127"></testcase><testcase classname="tests.aaa.test_base_feature_checklist.AAATests" name="test_if_enable_authentication_methods_set_on_[kg-topology-CloudEOSEdge2]" time="0.145"></testcase><testcase classname="tests.aaa.test_base_feature_checklist.AAATests" name="test_if_commands_authorization_methods_set_on_[kg-topology-CloudEOSEdge2]" time="0.124"></testcase><testcase classname="tests.aaa.test_base_feature_checklist.AAATests" name="test_if_login_authentication_methods_set_on_[kg-topology-CloudEOSEdge2]" time="0.119"></testcase><testcase classname="tests.interface.test_interfaces_baseline_health.InterfaceStatusTests" name="test_if_intf_protocol_status_is_connected_on_[kg-topology-CloudEOSEdge1]" time="0.220"></testcase><testcase classname="tests.aaa.test_base_feature_checklist.AAATests" name="test_if_system_accounting_methods_set_on_[kg-topology-CloudEOSEdge2]" time="0.100"></testcase><testcase classname="tests.aaa.test_base_feature_checklist.AAATests" name="test_if_priviledge_accounting_methods_set_on_[kg-topology-CloudEOSEdge2]" time="0.124"></testcase><testcase classname="tests.aaa.test_base_feature_checklist.AAATests" name="test_if_dot1x_authentication_methods_set_on_[kg-topology-CloudEOSEdge2]" time="0.111"></testcase><testcase classname="tests.aaa.test_base_feature_checklist.AAATests" name="test_if_exec_accounting_methods_set_on_[kg-topology-CloudEOSEdge2]" time="0.106"></testcase><testcase classname="tests.aaa.test_base_feature_checklist.AAATests" name="test_if_dot1x_accounting_methods_set_on_[kg-topology-CloudEOSEdge2]" time="0.129"></testcase><testcase classname="tests.api.test_base_feature_checklist.APITests" name="test_if_management_https_api_server_port_is_correct_on_[kg-topology-CloudEOSEdge2]" time="0.121"></testcase><testcase classname="tests.api.test_base_feature_checklist.APITests" name="test_if_management_http_api_server_is_running_on_[kg-topology-CloudEOSEdge2]" time="0.133"></testcase><testcase classname="tests.interface.test_interfaces_baseline_health.InterfaceStatusTests" name="test_if_intf_link_status_is_connected_on_[kg-topology-CloudEOSEdge1]" time="0.282"></testcase><testcase classname="tests.api.test_base_feature_checklist.APITests" name="test_if_management_https_api_server_is_running_on_[kg-topology-CloudEOSEdge2]" time="0.150"></testcase><testcase classname="tests.api.test_base_feature_checklist.APITests" name="test_if_management_https_api_server_is_enabled_on_[kg-topology-CloudEOSEdge2]" time="0.134"></testcase><testcase classname="tests.api.test_base_feature_checklist.APITests" name="test_if_management_local_http_api_server_is_running_on_[kg-topology-CloudEOSEdge2]" time="0.123"></testcase><testcase classname="tests.cpu.test_dut_platform_status.CPUTests" name="test_5_min_cpu_utlization_on_[kg-topology-CloudEOSEdge2]" time="0.137"></testcase><testcase classname="tests.daemon.test_base_feature_checklist.DaemonTests" name="test_if_daemons_are_enabled_on_[kg-topology-CloudEOSEdge2]" time="0.126"></testcase><testcase classname="tests.environment.test_dut_platform_status.EnvironmentTests" name="test_if_system_environment_temp_are_in_spec_on_[kg-topology-CloudEOSEdge2]" time="0.001"><skipped message="CloudEOS doesnt have temp sensors" type="pytest.skip">/project/vane/bin/tests/environment/test_dut_platform_status.py:51: CloudEOS doesnt have temp sensors</skipped></testcase><testcase classname="tests.dns.test_base_feature_checklist.DNSTests" name="test_if_dns_resolves_on_[kg-topology-CloudEOSEdge2]" time="1.357"></testcase><testcase classname="tests.cpu.test_dut_platform_status.CPUTests" name="test_1_sec_cpu_utlization_on_[kg-topology-CloudEOSEdge2]" time="0.135"></testcase><testcase classname="tests.daemon.test_base_feature_checklist.DaemonTests" name="test_if_daemons_are_running_on_[kg-topology-CloudEOSEdge2]" time="0.106"></testcase><testcase classname="tests.environment.test_dut_platform_status.EnvironmentTests" name="test_if_system_environment_cooling_is_in_spec_on_[kg-topology-CloudEOSEdge2]" time="0.001"><skipped message="CloudEOS doesnt have cooling" type="pytest.skip">/project/vane/bin/tests/environment/test_dut_platform_status.py:154: CloudEOS doesnt have cooling</skipped></testcase><testcase classname="tests.extension.test_base_feature_checklist.ExtensionsTests" name="test_if_extensions_are_installed_on_[kg-topology-CloudEOSEdge2]" time="0.118"></testcase><testcase classname="tests.cpu.test_dut_platform_status.CPUTests" name="test_1_min_cpu_utlization_on_[kg-topology-CloudEOSEdge2]" time="0.098"></testcase><testcase classname="tests.host.test_dut_platform_status.HostTests" name="test_if_hostname_is_correcet_on_[kg-topology-CloudEOSEdge2]" time="0.116"></testcase><testcase classname="tests.filesystem.test_base_feature_checklist.FileSystemTests" name="test_if_files_on_[kg-topology-CloudEOSEdge2]" time="0.875"></testcase><testcase classname="tests.extension.test_base_feature_checklist.ExtensionsTests" name="test_if_extensions_are_erroring_on_[kg-topology-CloudEOSEdge2]" time="0.133"></testcase><testcase classname="tests.interface.test_interfaces_baseline_health.InterfaceStatusTests" name="test_if_intf_protocol_status_is_connected_on_[kg-topology-CloudEOSEdge2]" time="0.314"></testcase><testcase classname="tests.interface.test_interfaces_baseline_health.InterfaceStatusTests" name="test_if_intf_link_status_is_connected_on_[kg-topology-CloudEOSEdge2]" time="0.184"></testcase><testcase classname="tests.logging.test_dut_platform_status.LoggingTests" name="test_if_log_messages_appear_on_[kg-topology-CloudEOSEdge2]" time="0.082"></testcase><testcase classname="tests.logging.test_base_feature_checklist.LoggingTests" name="test_if_log_messages_appear_on_[kg-topology-CloudEOSEdge2]" time="0.077"></testcase><testcase classname="tests.memory.test_dut_platform_status.MemoryTests" name="test_memory_utilization_on_[kg-topology-CloudEOSEdge2]" time="0.141"></testcase><testcase classname="tests.ntp.test_base_feature_checklist.NTPTests" name="test_if_ntp_associated_with_peers_on_[kg-topology-CloudEOSEdge2]" time="0.095"></testcase><testcase classname="tests.ntp.test_base_feature_checklist.NTPTests" name="test_if_ntp_is_synchronized_on_[kg-topology-CloudEOSEdge2]" time="0.114"></testcase><testcase classname="tests.ntp.test_base_feature_checklist.NTPTests" name="test_if_process_is_running_on_[kg-topology-CloudEOSEdge2]" time="0.113"></testcase><testcase classname="tests.tacacs.test_base_feature_checklist.TacacsTests" name="test_if_tacacs_is_sending_messages_on_[kg-topology-CloudEOSEdge2]" time="0.104"></testcase><testcase classname="tests.tacacs.test_base_feature_checklist.TacacsTests" name="test_if_tacacs_is_receiving_messages_on_[kg-topology-CloudEOSEdge2]" time="0.091"></testcase><testcase classname="tests.users.test_base_feature_checklist.UsersTests" name="test_if_usernames_are_configured_on_[kg-topology-CloudEOSEdge2]" time="0.103"></testcase><testcase classname="tests.ztp.test_base_feature_checklist.ZTPTests" name="test_if_zerotouch_is_disabled_on_[kg-topology-CloudEOSEdge2]" time="0.094"></testcase><testcase classname="tests.interface.test_interfaces_baseline_health.InterfacePhyTests" name="test_if_intf_phy_status_connected_on_[kg-topology-CloudEOSEdge2]" time="0.196"></testcase><testcase classname="tests.ztp.test_base_feature_checklist.ZTPTests" name="test_for_zerotouch_config_file_on_[kg-topology-CloudEOSEdge2]" time="0.119"></testcase><testcase classname="tests.environment.test_dut_platform_status.EnvironmentTests" name="test_if_system_environment_power_are_in_spec_on_[kg-topology-CloudEOSEdge2]" time="0.006"><skipped message="CloudEOS doesnt have power supplies" type="pytest.skip">/project/vane/bin/tests/environment/test_dut_platform_status.py:110: CloudEOS doesnt have power supplies</skipped></testcase></testsuite></testsuites>